<?xml version="1.0" encoding="UTF-8"?>
<coverage generated="1779861659536" clover="3.2.0">
  <project timestamp="1779861659536" name="All files">
    <metrics statements="518" coveredstatements="439" conditionals="253" coveredconditionals="173" methods="103" coveredmethods="85" elements="874" coveredelements="697" complexity="0" loc="518" ncloc="518" packages="6" files="18" classes="18"/>
    <package name="questionGenerator">
      <metrics statements="84" coveredstatements="43" conditionals="29" coveredconditionals="10" methods="6" coveredmethods="3"/>
      <file name="index.js" path="/Users/seanxx/score-boost-mini/cloudfunctions/questionGenerator/index.js">
        <metrics statements="84" coveredstatements="43" conditionals="29" coveredconditionals="10" methods="6" coveredmethods="3"/>
        <line num="9" count="5" type="stmt"/>
        <line num="10" count="5" type="stmt"/>
        <line num="11" count="5" type="stmt"/>
        <line num="13" count="0" type="stmt"/>
        <line num="17" count="5" type="stmt"/>
        <line num="18" count="5" type="stmt"/>
        <line num="19" count="5" type="stmt"/>
        <line num="20" count="5" type="stmt"/>
        <line num="21" count="5" type="stmt"/>
        <line num="22" count="5" type="stmt"/>
        <line num="25" count="5" type="stmt"/>
        <line num="26" count="5" type="stmt"/>
        <line num="27" count="5" type="stmt"/>
        <line num="28" count="5" type="stmt"/>
        <line num="31" count="5" type="stmt"/>
        <line num="40" count="6" type="stmt"/>
        <line num="41" count="6" type="stmt"/>
        <line num="48" count="5" type="cond" truecount="1" falsecount="1"/>
        <line num="50" count="1" type="stmt"/>
        <line num="51" count="1" type="stmt"/>
        <line num="61" count="0" type="stmt"/>
        <line num="63" count="0" type="stmt"/>
        <line num="68" count="0" type="stmt"/>
        <line num="70" count="0" type="stmt"/>
        <line num="72" count="0" type="stmt"/>
        <line num="82" count="23" type="stmt"/>
        <line num="84" count="23" type="stmt"/>
        <line num="101" count="23" type="stmt"/>
        <line num="102" count="23" type="stmt"/>
        <line num="104" count="23" type="stmt"/>
        <line num="105" count="23" type="stmt"/>
        <line num="108" count="23" type="stmt"/>
        <line num="109" count="23" type="stmt"/>
        <line num="111" count="23" type="cond" truecount="2" falsecount="0"/>
        <line num="112" count="12" type="stmt"/>
        <line num="113" count="12" type="stmt"/>
        <line num="114" count="12" type="cond" truecount="1" falsecount="1"/>
        <line num="116" count="12" type="stmt"/>
        <line num="117" count="12" type="stmt"/>
        <line num="119" count="12" type="stmt"/>
        <line num="126" count="11" type="cond" truecount="2" falsecount="0"/>
        <line num="127" count="4" type="stmt"/>
        <line num="128" count="4" type="stmt"/>
        <line num="136" count="7" type="stmt"/>
        <line num="137" count="7" type="stmt"/>
        <line num="140" count="7" type="stmt"/>
        <line num="145" count="7" type="stmt"/>
        <line num="151" count="0" type="stmt"/>
        <line num="152" count="0" type="stmt"/>
        <line num="155" count="0" type="cond" truecount="0" falsecount="2"/>
        <line num="156" count="0" type="stmt"/>
        <line num="160" count="0" type="stmt"/>
        <line num="165" count="0" type="stmt"/>
        <line num="180" count="0" type="stmt"/>
        <line num="181" count="0" type="stmt"/>
        <line num="182" count="0" type="stmt"/>
        <line num="185" count="0" type="stmt"/>
        <line num="196" count="0" type="cond" truecount="0" falsecount="2"/>
        <line num="197" count="0" type="stmt"/>
        <line num="200" count="0" type="cond" truecount="0" falsecount="2"/>
        <line num="201" count="0" type="stmt"/>
        <line num="202" count="0" type="stmt"/>
        <line num="204" count="0" type="stmt"/>
        <line num="206" count="0" type="stmt"/>
        <line num="207" count="0" type="stmt"/>
        <line num="208" count="0" type="stmt"/>
        <line num="215" count="5" type="stmt"/>
        <line num="216" count="0" type="stmt"/>
        <line num="218" count="0" type="stmt"/>
        <line num="219" count="0" type="stmt"/>
        <line num="222" count="0" type="stmt"/>
        <line num="224" count="0" type="cond" truecount="0" falsecount="2"/>
        <line num="225" count="0" type="stmt"/>
        <line num="226" count="0" type="stmt"/>
        <line num="229" count="0" type="stmt"/>
        <line num="232" count="0" type="stmt"/>
        <line num="233" count="0" type="stmt"/>
        <line num="234" count="0" type="stmt"/>
        <line num="236" count="0" type="stmt"/>
        <line num="237" count="0" type="stmt"/>
        <line num="243" count="0" type="stmt"/>
        <line num="250" count="0" type="stmt"/>
        <line num="251" count="0" type="stmt"/>
        <line num="259" count="5" type="stmt"/>
      </file>
    </package>
    <package name="questionGenerator.__tests__.helpers">
      <metrics statements="42" coveredstatements="22" conditionals="37" coveredconditionals="11" methods="17" coveredmethods="7"/>
      <file name="concurrency-mock.helper.js" path="/Users/seanxx/score-boost-mini/cloudfunctions/questionGenerator/__tests__/helpers/concurrency-mock.helper.js">
        <metrics statements="42" coveredstatements="22" conditionals="37" coveredconditionals="11" methods="17" coveredmethods="7"/>
        <line num="15" count="9" type="cond" truecount="1" falsecount="0"/>
        <line num="18" count="9" type="stmt"/>
        <line num="25" count="9" type="stmt"/>
        <line num="26" count="28" type="stmt"/>
        <line num="28" count="9" type="stmt"/>
        <line num="31" count="125" type="stmt"/>
        <line num="34" count="0" type="cond" truecount="0" falsecount="2"/>
        <line num="35" count="0" type="cond" truecount="0" falsecount="2"/>
        <line num="37" count="0" type="stmt"/>
        <line num="41" count="0" type="cond" truecount="0" falsecount="2"/>
        <line num="43" count="0" type="cond" truecount="0" falsecount="4"/>
        <line num="44" count="0" type="stmt"/>
        <line num="47" count="0" type="stmt"/>
        <line num="50" count="0" type="cond" truecount="0" falsecount="2"/>
        <line num="51" count="0" type="stmt"/>
        <line num="52" count="0" type="cond" truecount="0" falsecount="2"/>
        <line num="53" count="0" type="stmt"/>
        <line num="55" count="0" type="cond" truecount="0" falsecount="2"/>
        <line num="61" count="28" type="cond" truecount="1" falsecount="1"/>
        <line num="62" count="28" type="stmt"/>
        <line num="63" count="28" type="stmt"/>
        <line num="64" count="28" type="stmt"/>
        <line num="71" count="125" type="stmt"/>
        <line num="73" count="97" type="cond" truecount="2" falsecount="0"/>
        <line num="74" count="97" type="stmt"/>
        <line num="78" count="0" type="cond" truecount="2" falsecount="0"/>
        <line num="84" count="125" type="stmt"/>
        <line num="92" count="0" type="stmt"/>
        <line num="93" count="0" type="stmt"/>
        <line num="104" count="0" type="stmt"/>
        <line num="106" count="0" type="cond" truecount="0" falsecount="4"/>
        <line num="107" count="0" type="stmt"/>
        <line num="110" count="0" type="cond" truecount="0" falsecount="2"/>
        <line num="120" count="9" type="stmt"/>
        <line num="121" count="9" type="stmt"/>
        <line num="122" count="22" type="cond" truecount="1" falsecount="1"/>
        <line num="123" count="0" type="stmt"/>
        <line num="125" count="22" type="stmt"/>
        <line num="126" count="22" type="cond" truecount="2" falsecount="0"/>
        <line num="127" count="1" type="stmt"/>
        <line num="129" count="21" type="stmt"/>
        <line num="133" count="1" type="stmt"/>
      </file>
    </package>
    <package name="questionGenerator.monitoring">
      <metrics statements="201" coveredstatements="195" conditionals="96" coveredconditionals="78" methods="51" coveredmethods="48"/>
      <file name="cloud-logger.js" path="/Users/seanxx/score-boost-mini/cloudfunctions/questionGenerator/monitoring/cloud-logger.js">
        <metrics statements="54" coveredstatements="50" conditionals="24" coveredconditionals="18" methods="15" coveredmethods="14"/>
        <line num="7" count="1" type="stmt"/>
        <line num="12" count="1" type="stmt"/>
        <line num="24" count="15" type="stmt"/>
        <line num="25" count="15" type="cond" truecount="2" falsecount="0"/>
        <line num="26" count="15" type="cond" truecount="2" falsecount="0"/>
        <line num="27" count="15" type="stmt"/>
        <line num="28" count="15" type="stmt"/>
        <line num="29" count="15" type="stmt"/>
        <line num="30" count="15" type="stmt"/>
        <line num="41" count="2" type="stmt"/>
        <line num="42" count="2" type="stmt"/>
        <line num="43" count="2" type="stmt"/>
        <line num="50" count="1" type="stmt"/>
        <line num="51" count="1" type="stmt"/>
        <line num="52" count="1" type="stmt"/>
        <line num="59" count="20" type="stmt"/>
        <line num="67" count="20" type="cond" truecount="2" falsecount="0"/>
        <line num="68" count="1" type="stmt"/>
        <line num="72" count="19" type="stmt"/>
        <line num="75" count="19" type="cond" truecount="2" falsecount="0"/>
        <line num="76" count="1" type="stmt"/>
        <line num="77" count="1" type="cond" truecount="1" falsecount="1"/>
        <line num="78" count="1" type="stmt"/>
        <line num="80" count="1" type="stmt"/>
        <line num="83" count="19" type="stmt"/>
        <line num="84" count="19" type="stmt"/>
        <line num="87" count="19" type="cond" truecount="2" falsecount="0"/>
        <line num="88" count="3" type="stmt"/>
        <line num="96" count="5" type="cond" truecount="1" falsecount="1"/>
        <line num="97" count="0" type="stmt"/>
        <line num="100" count="5" type="stmt"/>
        <line num="101" count="5" type="stmt"/>
        <line num="103" count="5" type="stmt"/>
        <line num="106" count="5" type="cond" truecount="1" falsecount="1"/>
        <line num="109" count="5" type="stmt"/>
        <line num="110" count="9" type="stmt"/>
        <line num="112" count="9" type="cond" truecount="1" falsecount="1"/>
        <line num="113" count="9" type="stmt"/>
        <line num="114" count="9" type="cond" truecount="4" falsecount="0"/>
        <line num="115" count="2" type="stmt"/>
        <line num="121" count="0" type="stmt"/>
        <line num="122" count="0" type="stmt"/>
        <line num="126" count="3" type="stmt"/>
        <line num="129" count="2" type="stmt"/>
        <line num="138" count="12" type="stmt"/>
        <line num="145" count="1" type="stmt"/>
        <line num="152" count="1" type="stmt"/>
        <line num="162" count="1" type="stmt"/>
        <line num="172" count="1" type="stmt"/>
        <line num="182" count="1" type="stmt"/>
        <line num="192" count="1" type="stmt"/>
        <line num="204" count="1" type="stmt"/>
        <line num="216" count="0" type="stmt"/>
        <line num="220" count="1" type="stmt"/>
      </file>
      <file name="logger.js" path="/Users/seanxx/score-boost-mini/cloudfunctions/questionGenerator/monitoring/logger.js">
        <metrics statements="27" coveredstatements="26" conditionals="22" coveredconditionals="18" methods="9" coveredmethods="8"/>
        <line num="10" count="2" type="stmt"/>
        <line num="21" count="33" type="stmt"/>
        <line num="49" count="33" type="stmt"/>
        <line num="51" count="33" type="stmt"/>
        <line num="58" count="33" type="cond" truecount="2" falsecount="0"/>
        <line num="59" count="33" type="cond" truecount="2" falsecount="0"/>
        <line num="60" count="33" type="cond" truecount="2" falsecount="0"/>
        <line num="61" count="33" type="cond" truecount="2" falsecount="0"/>
        <line num="62" count="33" type="cond" truecount="2" falsecount="0"/>
        <line num="63" count="33" type="cond" truecount="2" falsecount="0"/>
        <line num="64" count="33" type="cond" truecount="2" falsecount="0"/>
        <line num="66" count="33" type="stmt"/>
        <line num="70" count="2" type="stmt"/>
        <line num="71" count="2" type="stmt"/>
        <line num="87" count="2" type="stmt"/>
        <line num="88" count="2" type="stmt"/>
        <line num="101" count="2" type="stmt"/>
        <line num="102" count="2" type="stmt"/>
        <line num="119" count="2" type="stmt"/>
        <line num="120" count="2" type="stmt"/>
        <line num="129" count="2" type="stmt"/>
        <line num="130" count="2" type="stmt"/>
        <line num="141" count="2" type="stmt"/>
        <line num="142" count="1" type="stmt"/>
        <line num="156" count="2" type="stmt"/>
        <line num="157" count="0" type="stmt"/>
        <line num="169" count="2" type="stmt"/>
      </file>
      <file name="metrics.js" path="/Users/seanxx/score-boost-mini/cloudfunctions/questionGenerator/monitoring/metrics.js">
        <metrics statements="120" coveredstatements="119" conditionals="50" coveredconditionals="42" methods="27" coveredmethods="26"/>
        <line num="10" count="1" type="stmt"/>
        <line num="21" count="6" type="stmt"/>
        <line num="22" count="6" type="stmt"/>
        <line num="23" count="6" type="stmt"/>
        <line num="24" count="6" type="stmt"/>
        <line num="25" count="6" type="stmt"/>
        <line num="26" count="6" type="stmt"/>
        <line num="27" count="6" type="stmt"/>
        <line num="28" count="6" type="stmt"/>
        <line num="29" count="6" type="stmt"/>
        <line num="30" count="6" type="stmt"/>
        <line num="31" count="6" type="stmt"/>
        <line num="32" count="6" type="stmt"/>
        <line num="36" count="4" type="stmt"/>
        <line num="37" count="4" type="stmt"/>
        <line num="41" count="2" type="stmt"/>
        <line num="42" count="2" type="stmt"/>
        <line num="46" count="2" type="stmt"/>
        <line num="47" count="2" type="stmt"/>
        <line num="51" count="3" type="stmt"/>
        <line num="55" count="3" type="stmt"/>
        <line num="59" count="2" type="cond" truecount="3" falsecount="1"/>
        <line num="60" count="2" type="stmt"/>
        <line num="64" count="2" type="stmt"/>
        <line num="66" count="2" type="stmt"/>
        <line num="70" count="4" type="cond" truecount="2" falsecount="0"/>
        <line num="71" count="2" type="stmt"/>
        <line num="73" count="4" type="stmt"/>
        <line num="74" count="4" type="cond" truecount="2" falsecount="0"/>
        <line num="75" count="4" type="stmt"/>
        <line num="79" count="1" type="cond" truecount="1" falsecount="1"/>
        <line num="80" count="1" type="stmt"/>
        <line num="82" count="1" type="stmt"/>
        <line num="83" count="1" type="cond" truecount="1" falsecount="1"/>
        <line num="84" count="1" type="stmt"/>
        <line num="85" count="1" type="stmt"/>
        <line num="86" count="1" type="stmt"/>
        <line num="90" count="1" type="cond" truecount="1" falsecount="1"/>
        <line num="91" count="1" type="stmt"/>
        <line num="93" count="1" type="stmt"/>
        <line num="94" count="1" type="stmt"/>
        <line num="95" count="1" type="stmt"/>
        <line num="100" count="6" type="cond" truecount="4" falsecount="0"/>
        <line num="104" count="6" type="stmt"/>
        <line num="126" count="17" type="stmt"/>
        <line num="127" count="17" type="stmt"/>
        <line num="128" count="17" type="stmt"/>
        <line num="129" count="17" type="stmt"/>
        <line num="130" count="17" type="stmt"/>
        <line num="137" count="11" type="cond" truecount="2" falsecount="0"/>
        <line num="138" count="11" type="stmt"/>
        <line num="139" count="11" type="stmt"/>
        <line num="146" count="6" type="cond" truecount="2" falsecount="0"/>
        <line num="149" count="6" type="stmt"/>
        <line num="150" count="6" type="stmt"/>
        <line num="157" count="17" type="cond" truecount="2" falsecount="0"/>
        <line num="158" count="6" type="stmt"/>
        <line num="160" count="17" type="stmt"/>
        <line num="161" count="17" type="stmt"/>
        <line num="168" count="3" type="cond" truecount="2" falsecount="0"/>
        <line num="169" count="3" type="stmt"/>
        <line num="170" count="3" type="stmt"/>
        <line num="177" count="6" type="stmt"/>
        <line num="178" count="6" type="stmt"/>
        <line num="179" count="6" type="stmt"/>
        <line num="186" count="9" type="stmt"/>
        <line num="189" count="9" type="stmt"/>
        <line num="190" count="5" type="stmt"/>
        <line num="194" count="9" type="stmt"/>
        <line num="195" count="4" type="stmt"/>
        <line num="199" count="9" type="stmt"/>
        <line num="200" count="6" type="cond" truecount="1" falsecount="1"/>
        <line num="201" count="6" type="stmt"/>
        <line num="202" count="17" type="stmt"/>
        <line num="203" count="17" type="stmt"/>
        <line num="204" count="6" type="stmt"/>
        <line num="205" count="6" type="stmt"/>
        <line num="208" count="12" type="stmt"/>
        <line num="209" count="6" type="stmt"/>
        <line num="210" count="6" type="stmt"/>
        <line num="211" count="6" type="stmt"/>
        <line num="215" count="9" type="stmt"/>
        <line num="223" count="18" type="stmt"/>
        <line num="224" count="18" type="stmt"/>
        <line num="225" count="18" type="stmt"/>
        <line num="226" count="18" type="stmt"/>
        <line num="228" count="18" type="cond" truecount="1" falsecount="1"/>
        <line num="229" count="0" type="stmt"/>
        <line num="232" count="18" type="stmt"/>
        <line num="239" count="1" type="stmt"/>
        <line num="249" count="1" type="stmt"/>
        <line num="250" count="1" type="stmt"/>
        <line num="251" count="1" type="stmt"/>
        <line num="252" count="1" type="stmt"/>
        <line num="253" count="1" type="stmt"/>
        <line num="254" count="1" type="stmt"/>
        <line num="261" count="2" type="cond" truecount="2" falsecount="0"/>
        <line num="262" count="2" type="cond" truecount="2" falsecount="0"/>
        <line num="263" count="2" type="cond" truecount="2" falsecount="0"/>
        <line num="265" count="2" type="stmt"/>
        <line num="266" count="2" type="stmt"/>
        <line num="267" count="2" type="stmt"/>
        <line num="268" count="2" type="stmt"/>
        <line num="269" count="2" type="cond" truecount="1" falsecount="1"/>
        <line num="270" count="2" type="stmt"/>
        <line num="271" count="2" type="stmt"/>
        <line num="274" count="2" type="cond" truecount="2" falsecount="0"/>
        <line num="275" count="1" type="stmt"/>
        <line num="278" count="2" type="stmt"/>
        <line num="292" count="1" type="stmt"/>
        <line num="293" count="1" type="stmt"/>
        <line num="294" count="1" type="stmt"/>
        <line num="295" count="1" type="cond" truecount="3" falsecount="1"/>
        <line num="296" count="1" type="stmt"/>
        <line num="303" count="1" type="stmt"/>
        <line num="310" count="1" type="stmt"/>
        <line num="311" count="1" type="stmt"/>
        <line num="312" count="2" type="stmt"/>
        <line num="314" count="1" type="stmt"/>
        <line num="318" count="1" type="stmt"/>
      </file>
    </package>
    <package name="questionGenerator.workflow">
      <metrics statements="70" coveredstatements="66" conditionals="41" coveredconditionals="36" methods="13" coveredmethods="11"/>
      <file name="BaseStep.js" path="/Users/seanxx/score-boost-mini/cloudfunctions/questionGenerator/workflow/BaseStep.js">
        <metrics statements="7" coveredstatements="5" conditionals="7" coveredconditionals="6" methods="4" coveredmethods="2"/>
        <line num="16" count="120" type="stmt"/>
        <line num="17" count="120" type="cond" truecount="2" falsecount="0"/>
        <line num="18" count="120" type="cond" truecount="2" falsecount="0"/>
        <line num="19" count="120" type="cond" truecount="2" falsecount="0"/>
        <line num="29" count="0" type="stmt"/>
        <line num="46" count="0" type="stmt"/>
        <line num="50" count="6" type="stmt"/>
      </file>
      <file name="TaskContext.js" path="/Users/seanxx/score-boost-mini/cloudfunctions/questionGenerator/workflow/TaskContext.js">
        <metrics statements="7" coveredstatements="6" conditionals="2" coveredconditionals="1" methods="2" coveredmethods="2"/>
        <line num="11" count="7" type="stmt"/>
        <line num="20" count="30" type="stmt"/>
        <line num="22" count="30" type="stmt"/>
        <line num="38" count="28" type="cond" truecount="1" falsecount="1"/>
        <line num="39" count="0" type="stmt"/>
        <line num="44" count="28" type="stmt"/>
        <line num="49" count="7" type="stmt"/>
      </file>
      <file name="TaskWorkflow.js" path="/Users/seanxx/score-boost-mini/cloudfunctions/questionGenerator/workflow/TaskWorkflow.js">
        <metrics statements="54" coveredstatements="53" conditionals="32" coveredconditionals="29" methods="7" coveredmethods="7"/>
        <line num="11" count="7" type="stmt"/>
        <line num="12" count="7" type="stmt"/>
        <line num="22" count="29" type="stmt"/>
        <line num="32" count="29" type="stmt"/>
        <line num="33" count="29" type="stmt"/>
        <line num="35" count="29" type="stmt"/>
        <line num="36" count="29" type="stmt"/>
        <line num="37" count="95" type="stmt"/>
        <line num="38" count="95" type="stmt"/>
        <line num="41" count="95" type="stmt"/>
        <line num="44" count="92" type="cond" truecount="2" falsecount="0"/>
        <line num="45" count="40" type="stmt"/>
        <line num="46" count="40" type="cond" truecount="2" falsecount="0"/>
        <line num="47" count="4" type="stmt"/>
        <line num="55" count="88" type="stmt"/>
        <line num="57" count="88" type="cond" truecount="2" falsecount="0"/>
        <line num="59" count="8" type="cond" truecount="4" falsecount="0"/>
        <line num="60" count="1" type="stmt"/>
        <line num="68" count="7" type="cond" truecount="1" falsecount="1"/>
        <line num="69" count="7" type="stmt"/>
        <line num="72" count="7" type="stmt"/>
        <line num="79" count="80" type="cond" truecount="2" falsecount="0"/>
        <line num="80" count="45" type="stmt"/>
        <line num="81" count="45" type="stmt"/>
        <line num="85" count="80" type="stmt"/>
        <line num="86" count="80" type="stmt"/>
        <line num="89" count="14" type="stmt"/>
        <line num="92" count="3" type="stmt"/>
        <line num="93" count="3" type="stmt"/>
        <line num="104" count="95" type="cond" truecount="4" falsecount="0"/>
        <line num="105" count="52" type="stmt"/>
        <line num="108" count="43" type="stmt"/>
        <line num="109" count="43" type="cond" truecount="1" falsecount="1"/>
        <line num="110" count="0" type="stmt"/>
        <line num="116" count="43" type="stmt"/>
        <line num="117" count="43" type="cond" truecount="2" falsecount="0"/>
        <line num="118" count="3" type="stmt"/>
        <line num="133" count="120" type="stmt"/>
        <line num="134" count="43" type="cond" truecount="4" falsecount="0"/>
        <line num="135" count="40" type="stmt"/>
        <line num="139" count="3" type="stmt"/>
        <line num="147" count="3" type="cond" truecount="2" falsecount="0"/>
        <line num="157" count="10" type="stmt"/>
        <line num="158" count="14" type="stmt"/>
        <line num="159" count="14" type="cond" truecount="1" falsecount="1"/>
        <line num="160" count="14" type="stmt"/>
        <line num="161" count="14" type="stmt"/>
        <line num="163" count="1" type="stmt"/>
        <line num="177" count="40" type="stmt"/>
        <line num="178" count="40" type="stmt"/>
        <line num="179" count="38" type="stmt"/>
        <line num="180" count="38" type="cond" truecount="2" falsecount="0"/>
        <line num="182" count="2" type="stmt"/>
        <line num="187" count="7" type="stmt"/>
      </file>
      <file name="constants.js" path="/Users/seanxx/score-boost-mini/cloudfunctions/questionGenerator/workflow/constants.js">
        <metrics statements="2" coveredstatements="2" conditionals="0" coveredconditionals="0" methods="0" coveredmethods="0"/>
        <line num="6" count="8" type="stmt"/>
        <line num="15" count="8" type="stmt"/>
      </file>
    </package>
    <package name="questionGenerator.workflow.steps">
      <metrics statements="71" coveredstatements="65" conditionals="24" coveredconditionals="15" methods="12" coveredmethods="12"/>
      <file name="CompleteStep.js" path="/Users/seanxx/score-boost-mini/cloudfunctions/questionGenerator/workflow/steps/CompleteStep.js">
        <metrics statements="13" coveredstatements="11" conditionals="4" coveredconditionals="1" methods="2" coveredmethods="2"/>
        <line num="7" count="5" type="stmt"/>
        <line num="14" count="23" type="stmt"/>
        <line num="26" count="12" type="stmt"/>
        <line num="28" count="12" type="stmt"/>
        <line num="30" count="12" type="stmt"/>
        <line num="31" count="12" type="stmt"/>
        <line num="34" count="12" type="stmt"/>
        <line num="35" count="12" type="stmt"/>
        <line num="39" count="12" type="cond" truecount="1" falsecount="1"/>
        <line num="40" count="0" type="stmt"/>
        <line num="47" count="12" type="stmt"/>
        <line num="49" count="0" type="stmt"/>
        <line num="58" count="5" type="stmt"/>
      </file>
      <file name="CreateAssessmentStep.js" path="/Users/seanxx/score-boost-mini/cloudfunctions/questionGenerator/workflow/steps/CreateAssessmentStep.js">
        <metrics statements="15" coveredstatements="15" conditionals="6" coveredconditionals="5" methods="3" coveredmethods="3"/>
        <line num="7" count="6" type="stmt"/>
        <line num="8" count="6" type="stmt"/>
        <line num="15" count="28" type="stmt"/>
        <line num="28" count="16" type="stmt"/>
        <line num="30" count="16" type="stmt"/>
        <line num="32" count="16" type="cond" truecount="4" falsecount="0"/>
        <line num="33" count="1" type="stmt"/>
        <line num="40" count="15" type="stmt"/>
        <line num="41" count="15" type="stmt"/>
        <line num="54" count="13" type="stmt"/>
        <line num="61" count="2" type="stmt"/>
        <line num="74" count="2" type="stmt"/>
        <line num="75" count="2" type="stmt"/>
        <line num="78" count="2" type="stmt"/>
        <line num="88" count="6" type="stmt"/>
      </file>
      <file name="GenerateStep.js" path="/Users/seanxx/score-boost-mini/cloudfunctions/questionGenerator/workflow/steps/GenerateStep.js">
        <metrics statements="15" coveredstatements="14" conditionals="6" coveredconditionals="5" methods="2" coveredmethods="2"/>
        <line num="7" count="5" type="stmt"/>
        <line num="8" count="5" type="stmt"/>
        <line num="18" count="23" type="stmt"/>
        <line num="22" count="23" type="stmt"/>
        <line num="31" count="20" type="stmt"/>
        <line num="33" count="20" type="stmt"/>
        <line num="35" count="20" type="stmt"/>
        <line num="36" count="20" type="stmt"/>
        <line num="38" count="15" type="cond" truecount="3" falsecount="1"/>
        <line num="39" count="0" type="stmt"/>
        <line num="46" count="15" type="stmt"/>
        <line num="53" count="5" type="cond" truecount="2" falsecount="0"/>
        <line num="54" count="1" type="stmt"/>
        <line num="60" count="4" type="stmt"/>
        <line num="69" count="5" type="stmt"/>
      </file>
      <file name="InitStateStep.js" path="/Users/seanxx/score-boost-mini/cloudfunctions/questionGenerator/workflow/steps/InitStateStep.js">
        <metrics statements="11" coveredstatements="9" conditionals="4" coveredconditionals="1" methods="2" coveredmethods="2"/>
        <line num="7" count="5" type="stmt"/>
        <line num="14" count="23" type="stmt"/>
        <line num="25" count="23" type="stmt"/>
        <line num="27" count="23" type="stmt"/>
        <line num="29" count="23" type="stmt"/>
        <line num="30" count="23" type="stmt"/>
        <line num="32" count="23" type="cond" truecount="1" falsecount="1"/>
        <line num="33" count="0" type="stmt"/>
        <line num="40" count="23" type="stmt"/>
        <line num="42" count="0" type="stmt"/>
        <line num="51" count="5" type="stmt"/>
      </file>
      <file name="SaveQuestionsStep.js" path="/Users/seanxx/score-boost-mini/cloudfunctions/questionGenerator/workflow/steps/SaveQuestionsStep.js">
        <metrics statements="17" coveredstatements="16" conditionals="4" coveredconditionals="3" methods="3" coveredmethods="3"/>
        <line num="7" count="5" type="stmt"/>
        <line num="8" count="5" type="stmt"/>
        <line num="15" count="23" type="stmt"/>
        <line num="28" count="15" type="stmt"/>
        <line num="31" count="15" type="stmt"/>
        <line num="33" count="15" type="cond" truecount="3" falsecount="1"/>
        <line num="34" count="0" type="stmt"/>
        <line num="41" count="15" type="stmt"/>
        <line num="42" count="15" type="stmt"/>
        <line num="43" count="15" type="stmt"/>
        <line num="44" count="46" type="stmt"/>
        <line num="52" count="44" type="stmt"/>
        <line num="56" count="2" type="stmt"/>
        <line num="63" count="13" type="stmt"/>
        <line num="76" count="1" type="stmt"/>
        <line num="77" count="1" type="stmt"/>
        <line num="83" count="5" type="stmt"/>
      </file>
    </package>
    <package name="questionGenerator.workflow.utils">
      <metrics statements="50" coveredstatements="48" conditionals="26" coveredconditionals="23" methods="4" coveredmethods="4"/>
      <file name="checkTaskCancelled.js" path="/Users/seanxx/score-boost-mini/cloudfunctions/questionGenerator/workflow/utils/checkTaskCancelled.js">
        <metrics statements="6" coveredstatements="6" conditionals="2" coveredconditionals="2" methods="1" coveredmethods="1"/>
        <line num="8" count="89" type="stmt"/>
        <line num="9" count="89" type="stmt"/>
        <line num="10" count="82" type="stmt"/>
        <line num="11" count="82" type="cond" truecount="2" falsecount="0"/>
        <line num="13" count="7" type="stmt"/>
        <line num="17" count="5" type="stmt"/>
      </file>
      <file name="cleanupPartialQuestionsByTask.js" path="/Users/seanxx/score-boost-mini/cloudfunctions/questionGenerator/workflow/utils/cleanupPartialQuestionsByTask.js">
        <metrics statements="5" coveredstatements="5" conditionals="0" coveredconditionals="0" methods="1" coveredmethods="1"/>
        <line num="7" count="2" type="stmt"/>
        <line num="9" count="2" type="stmt"/>
        <line num="13" count="1" type="stmt"/>
        <line num="15" count="1" type="stmt"/>
        <line num="19" count="5" type="stmt"/>
      </file>
      <file name="generateQuestions.js" path="/Users/seanxx/score-boost-mini/cloudfunctions/questionGenerator/workflow/utils/generateQuestions.js">
        <metrics statements="32" coveredstatements="30" conditionals="23" coveredconditionals="20" methods="1" coveredmethods="1"/>
        <line num="7" count="5" type="stmt"/>
        <line num="8" count="5" type="stmt"/>
        <line num="18" count="30" type="stmt"/>
        <line num="19" count="30" type="stmt"/>
        <line num="23" count="30" type="cond" truecount="2" falsecount="0"/>
        <line num="24" count="30" type="cond" truecount="1" falsecount="1"/>
        <line num="25" count="30" type="cond" truecount="1" falsecount="1"/>
        <line num="26" count="30" type="stmt"/>
        <line num="28" count="30" type="stmt"/>
        <line num="34" count="30" type="stmt"/>
        <line num="35" count="74" type="cond" truecount="2" falsecount="0"/>
        <line num="38" count="54" type="cond" truecount="4" falsecount="0"/>
        <line num="39" count="45" type="stmt"/>
        <line num="40" count="45" type="cond" truecount="1" falsecount="1"/>
        <line num="41" count="0" type="stmt"/>
        <line num="42" count="0" type="stmt"/>
        <line num="46" count="54" type="stmt"/>
        <line num="47" count="54" type="stmt"/>
        <line num="48" count="48" type="stmt"/>
        <line num="51" count="48" type="cond" truecount="4" falsecount="0"/>
        <line num="52" count="41" type="stmt"/>
        <line num="53" count="41" type="cond" truecount="2" falsecount="0"/>
        <line num="54" count="2" type="stmt"/>
        <line num="55" count="2" type="stmt"/>
        <line num="58" count="39" type="stmt"/>
        <line num="59" count="39" type="stmt"/>
        <line num="68" count="8" type="cond" truecount="2" falsecount="0"/>
        <line num="69" count="3" type="stmt"/>
        <line num="71" count="5" type="stmt"/>
        <line num="72" count="5" type="stmt"/>
        <line num="76" count="22" type="stmt"/>
        <line num="79" count="5" type="stmt"/>
      </file>
      <file name="updateQueueStatus.js" path="/Users/seanxx/score-boost-mini/cloudfunctions/questionGenerator/workflow/utils/updateQueueStatus.js">
        <metrics statements="7" coveredstatements="7" conditionals="1" coveredconditionals="1" methods="1" coveredmethods="1"/>
        <line num="10" count="86" type="stmt"/>
        <line num="11" count="86" type="stmt"/>
        <line num="17" count="86" type="stmt"/>
        <line num="21" count="81" type="stmt"/>
        <line num="23" count="5" type="stmt"/>
        <line num="24" count="5" type="stmt"/>
        <line num="28" count="5" type="stmt"/>
      </file>
    </package>
  </project>
</coverage>
