{"/Users/seanxx/score-boost-mini/cloudfunctions/questionGenerator/index.js": {"path":"/Users/seanxx/score-boost-mini/cloudfunctions/questionGenerator/index.js","statementMap":{"0":{"start":{"line":9,"column":0},"end":{"line":14,"column":1}},"1":{"start":{"line":10,"column":2},"end":{"line":10,"column":35}},"2":{"start":{"line":11,"column":2},"end":{"line":11,"column":49}},"3":{"start":{"line":13,"column":2},"end":{"line":13,"column":15}},"4":{"start":{"line":17,"column":25},"end":{"line":17,"column":59}},"5":{"start":{"line":18,"column":26},"end":{"line":18,"column":67}},"6":{"start":{"line":19,"column":25},"end":{"line":19,"column":65}},"7":{"start":{"line":20,"column":30},"end":{"line":20,"column":75}},"8":{"start":{"line":21,"column":33},"end":{"line":21,"column":81}},"9":{"start":{"line":22,"column":25},"end":{"line":22,"column":65}},"10":{"start":{"line":25,"column":30},"end":{"line":25,"column":75}},"11":{"start":{"line":26,"column":31},"end":{"line":26,"column":77}},"12":{"start":{"line":27,"column":42},"end":{"line":27,"column":99}},"13":{"start":{"line":28,"column":37},"end":{"line":28,"column":82}},"14":{"start":{"line":31,"column":20},"end":{"line":31,"column":47}},"15":{"start":{"line":40,"column":2},"end":{"line":52,"column":3}},"16":{"start":{"line":41,"column":19},"end":{"line":46,"column":12}},"17":{"start":{"line":48,"column":4},"end":{"line":48,"column":29}},"18":{"start":{"line":50,"column":4},"end":{"line":50,"column":51}},"19":{"start":{"line":51,"column":4},"end":{"line":51,"column":14}},"20":{"start":{"line":61,"column":2},"end":{"line":73,"column":3}},"21":{"start":{"line":63,"column":4},"end":{"line":65,"column":16}},"22":{"start":{"line":68,"column":4},"end":{"line":68,"column":66}},"23":{"start":{"line":70,"column":4},"end":{"line":70,"column":88}},"24":{"start":{"line":72,"column":4},"end":{"line":72,"column":41}},"25":{"start":{"line":82,"column":25},"end":{"line":82,"column":32}},"26":{"start":{"line":84,"column":2},"end":{"line":90,"column":4}},"27":{"start":{"line":101,"column":25},"end":{"line":101,"column":32}},"28":{"start":{"line":102,"column":20},"end":{"line":102,"column":30}},"29":{"start":{"line":104,"column":2},"end":{"line":169,"column":3}},"30":{"start":{"line":105,"column":4},"end":{"line":105,"column":133}},"31":{"start":{"line":108,"column":21},"end":{"line":108,"column":70}},"32":{"start":{"line":109,"column":19},"end":{"line":109,"column":51}},"33":{"start":{"line":111,"column":4},"end":{"line":124,"column":5}},"34":{"start":{"line":112,"column":35},"end":{"line":112,"column":66}},"35":{"start":{"line":113,"column":27},"end":{"line":113,"column":74}},"36":{"start":{"line":114,"column":26},"end":{"line":114,"column":78}},"37":{"start":{"line":116,"column":23},"end":{"line":116,"column":45}},"38":{"start":{"line":117,"column":6},"end":{"line":117,"column":142}},"39":{"start":{"line":119,"column":6},"end":{"line":123,"column":8}},"40":{"start":{"line":126,"column":4},"end":{"line":133,"column":5}},"41":{"start":{"line":127,"column":6},"end":{"line":127,"column":86}},"42":{"start":{"line":128,"column":6},"end":{"line":132,"column":8}},"43":{"start":{"line":136,"column":21},"end":{"line":136,"column":43}},"44":{"start":{"line":137,"column":4},"end":{"line":137,"column":112}},"45":{"start":{"line":140,"column":4},"end":{"line":143,"column":7}},"46":{"start":{"line":145,"column":4},"end":{"line":148,"column":6}},"47":{"start":{"line":151,"column":21},"end":{"line":151,"column":43}},"48":{"start":{"line":152,"column":4},"end":{"line":152,"column":112}},"49":{"start":{"line":155,"column":4},"end":{"line":157,"column":5}},"50":{"start":{"line":156,"column":6},"end":{"line":156,"column":56}},"51":{"start":{"line":160,"column":4},"end":{"line":163,"column":7}},"52":{"start":{"line":165,"column":4},"end":{"line":168,"column":6}},"53":{"start":{"line":180,"column":20},"end":{"line":180,"column":30}},"54":{"start":{"line":181,"column":2},"end":{"line":209,"column":3}},"55":{"start":{"line":182,"column":4},"end":{"line":182,"column":95}},"56":{"start":{"line":185,"column":19},"end":{"line":194,"column":6}},"57":{"start":{"line":196,"column":4},"end":{"line":198,"column":5}},"58":{"start":{"line":197,"column":6},"end":{"line":197,"column":37}},"59":{"start":{"line":200,"column":22},"end":{"line":200,"column":51}},"60":{"start":{"line":201,"column":21},"end":{"line":201,"column":43}},"61":{"start":{"line":202,"column":4},"end":{"line":202,"column":131}},"62":{"start":{"line":204,"column":4},"end":{"line":204,"column":21}},"63":{"start":{"line":206,"column":21},"end":{"line":206,"column":43}},"64":{"start":{"line":207,"column":4},"end":{"line":207,"column":124}},"65":{"start":{"line":208,"column":4},"end":{"line":208,"column":12}},"66":{"start":{"line":215,"column":0},"end":{"line":256,"column":2}},"67":{"start":{"line":216,"column":13},"end":{"line":216,"column":29}},"68":{"start":{"line":218,"column":2},"end":{"line":255,"column":3}},"69":{"start":{"line":219,"column":4},"end":{"line":219,"column":53}},"70":{"start":{"line":222,"column":18},"end":{"line":222,"column":48}},"71":{"start":{"line":224,"column":4},"end":{"line":227,"column":5}},"72":{"start":{"line":225,"column":6},"end":{"line":225,"column":58}},"73":{"start":{"line":226,"column":6},"end":{"line":226,"column":45}},"74":{"start":{"line":229,"column":4},"end":{"line":229,"column":75}},"75":{"start":{"line":232,"column":20},"end":{"line":232,"column":22}},"76":{"start":{"line":233,"column":4},"end":{"line":241,"column":5}},"77":{"start":{"line":234,"column":6},"end":{"line":234,"column":70}},"78":{"start":{"line":236,"column":21},"end":{"line":236,"column":64}},"79":{"start":{"line":237,"column":6},"end":{"line":237,"column":54}},"80":{"start":{"line":243,"column":4},"end":{"line":247,"column":6}},"81":{"start":{"line":250,"column":4},"end":{"line":250,"column":49}},"82":{"start":{"line":251,"column":4},"end":{"line":254,"column":6}},"83":{"start":{"line":259,"column":0},"end":{"line":267,"column":3}}},"fnMap":{"0":{"name":"fetchPendingTasks","decl":{"start":{"line":39,"column":15},"end":{"line":39,"column":32}},"loc":{"start":{"line":39,"column":51},"end":{"line":53,"column":1}},"line":39},"1":{"name":"cleanupPartialQuestions","decl":{"start":{"line":60,"column":15},"end":{"line":60,"column":38}},"loc":{"start":{"line":60,"column":57},"end":{"line":74,"column":1}},"line":60},"2":{"name":"getDefaultSteps","decl":{"start":{"line":81,"column":9},"end":{"line":81,"column":24}},"loc":{"start":{"line":81,"column":39},"end":{"line":91,"column":1}},"line":81},"3":{"name":"processTask","decl":{"start":{"line":100,"column":15},"end":{"line":100,"column":26}},"loc":{"start":{"line":100,"column":51},"end":{"line":170,"column":1}},"line":100},"4":{"name":"generateAi","decl":{"start":{"line":179,"column":15},"end":{"line":179,"column":25}},"loc":{"start":{"line":179,"column":51},"end":{"line":210,"column":1}},"line":179},"5":{"name":"(anonymous_5)","decl":{"start":{"line":215,"column":15},"end":{"line":215,"column":16}},"loc":{"start":{"line":215,"column":41},"end":{"line":256,"column":1}},"line":215}},"branchMap":{"0":{"loc":{"start":{"line":39,"column":37},"end":{"line":39,"column":49}},"type":"default-arg","locations":[{"start":{"line":39,"column":48},"end":{"line":39,"column":49}}],"line":39},"1":{"loc":{"start":{"line":48,"column":11},"end":{"line":48,"column":28}},"type":"binary-expr","locations":[{"start":{"line":48,"column":11},"end":{"line":48,"column":22}},{"start":{"line":48,"column":26},"end":{"line":48,"column":28}}],"line":48},"2":{"loc":{"start":{"line":81,"column":25},"end":{"line":81,"column":37}},"type":"default-arg","locations":[{"start":{"line":81,"column":35},"end":{"line":81,"column":37}}],"line":81},"3":{"loc":{"start":{"line":100,"column":37},"end":{"line":100,"column":49}},"type":"default-arg","locations":[{"start":{"line":100,"column":47},"end":{"line":100,"column":49}}],"line":100},"4":{"loc":{"start":{"line":111,"column":4},"end":{"line":124,"column":5}},"type":"if","locations":[{"start":{"line":111,"column":4},"end":{"line":124,"column":5}},{"start":{},"end":{}}],"line":111},"5":{"loc":{"start":{"line":114,"column":26},"end":{"line":114,"column":78}},"type":"binary-expr","locations":[{"start":{"line":114,"column":26},"end":{"line":114,"column":72}},{"start":{"line":114,"column":76},"end":{"line":114,"column":78}}],"line":114},"6":{"loc":{"start":{"line":126,"column":4},"end":{"line":133,"column":5}},"type":"if","locations":[{"start":{"line":126,"column":4},"end":{"line":133,"column":5}},{"start":{},"end":{}}],"line":126},"7":{"loc":{"start":{"line":141,"column":13},"end":{"line":141,"column":53}},"type":"binary-expr","locations":[{"start":{"line":141,"column":13},"end":{"line":141,"column":34}},{"start":{"line":141,"column":38},"end":{"line":141,"column":53}}],"line":141},"8":{"loc":{"start":{"line":142,"column":20},"end":{"line":142,"column":41}},"type":"binary-expr","locations":[{"start":{"line":142,"column":20},"end":{"line":142,"column":36}},{"start":{"line":142,"column":40},"end":{"line":142,"column":41}}],"line":142},"9":{"loc":{"start":{"line":147,"column":13},"end":{"line":147,"column":53}},"type":"binary-expr","locations":[{"start":{"line":147,"column":13},"end":{"line":147,"column":34}},{"start":{"line":147,"column":38},"end":{"line":147,"column":53}}],"line":147},"10":{"loc":{"start":{"line":155,"column":4},"end":{"line":157,"column":5}},"type":"if","locations":[{"start":{"line":155,"column":4},"end":{"line":157,"column":5}},{"start":{},"end":{}}],"line":155},"11":{"loc":{"start":{"line":162,"column":20},"end":{"line":162,"column":41}},"type":"binary-expr","locations":[{"start":{"line":162,"column":20},"end":{"line":162,"column":36}},{"start":{"line":162,"column":40},"end":{"line":162,"column":41}}],"line":162},"12":{"loc":{"start":{"line":196,"column":4},"end":{"line":198,"column":5}},"type":"if","locations":[{"start":{"line":196,"column":4},"end":{"line":198,"column":5}},{"start":{},"end":{}}],"line":196},"13":{"loc":{"start":{"line":200,"column":22},"end":{"line":200,"column":51}},"type":"binary-expr","locations":[{"start":{"line":200,"column":22},"end":{"line":200,"column":45}},{"start":{"line":200,"column":49},"end":{"line":200,"column":51}}],"line":200},"14":{"loc":{"start":{"line":224,"column":4},"end":{"line":227,"column":5}},"type":"if","locations":[{"start":{"line":224,"column":4},"end":{"line":227,"column":5}},{"start":{},"end":{}}],"line":224},"15":{"loc":{"start":{"line":253,"column":13},"end":{"line":253,"column":35}},"type":"binary-expr","locations":[{"start":{"line":253,"column":13},"end":{"line":253,"column":22}},{"start":{"line":253,"column":26},"end":{"line":253,"column":35}}],"line":253}},"s":{"0":5,"1":5,"2":5,"3":0,"4":5,"5":5,"6":5,"7":5,"8":5,"9":5,"10":5,"11":5,"12":5,"13":5,"14":5,"15":6,"16":6,"17":5,"18":1,"19":1,"20":0,"21":0,"22":0,"23":0,"24":0,"25":23,"26":23,"27":23,"28":23,"29":23,"30":23,"31":23,"32":23,"33":23,"34":12,"35":12,"36":12,"37":12,"38":12,"39":12,"40":11,"41":4,"42":4,"43":7,"44":7,"45":7,"46":7,"47":0,"48":0,"49":0,"50":0,"51":0,"52":0,"53":0,"54":0,"55":0,"56":0,"57":0,"58":0,"59":0,"60":0,"61":0,"62":0,"63":0,"64":0,"65":0,"66":5,"67":0,"68":0,"69":0,"70":0,"71":0,"72":0,"73":0,"74":0,"75":0,"76":0,"77":0,"78":0,"79":0,"80":0,"81":0,"82":0,"83":5},"f":{"0":6,"1":0,"2":23,"3":23,"4":0,"5":0},"b":{"0":[0],"1":[5,0],"2":[0],"3":[0],"4":[12,11],"5":[12,0],"6":[4,7],"7":[7,0],"8":[7,7],"9":[7,0],"10":[0,0],"11":[0,0],"12":[0,0],"13":[0,0],"14":[0,0],"15":[0,0]},"_coverageSchema":"1a1c01bbd47fc00a2c39e90264f33305004495a9","hash":"a14b0fd0751557a650bb7cdaefe32ff5e85eac38"}
,"/Users/seanxx/score-boost-mini/cloudfunctions/questionGenerator/__tests__/helpers/concurrency-mock.helper.js": {"path":"/Users/seanxx/score-boost-mini/cloudfunctions/questionGenerator/__tests__/helpers/concurrency-mock.helper.js","statementMap":{"0":{"start":{"line":15,"column":44},"end":{"line":15,"column":51}},"1":{"start":{"line":18,"column":22},"end":{"line":22,"column":3}},"2":{"start":{"line":25,"column":18},"end":{"line":25,"column":25}},"3":{"start":{"line":26,"column":21},"end":{"line":26,"column":59}},"4":{"start":{"line":26,"column":33},"end":{"line":26,"column":59}},"5":{"start":{"line":28,"column":2},"end":{"line":95,"column":4}},"6":{"start":{"line":31,"column":28},"end":{"line":68,"column":7}},"7":{"start":{"line":34,"column":24},"end":{"line":34,"column":60}},"8":{"start":{"line":35,"column":24},"end":{"line":35,"column":51}},"9":{"start":{"line":37,"column":10},"end":{"line":57,"column":12}},"10":{"start":{"line":41,"column":27},"end":{"line":41,"column":50}},"11":{"start":{"line":43,"column":14},"end":{"line":45,"column":15}},"12":{"start":{"line":44,"column":16},"end":{"line":44,"column":30}},"13":{"start":{"line":47,"column":14},"end":{"line":47,"column":66}},"14":{"start":{"line":47,"column":42},"end":{"line":47,"column":63}},"15":{"start":{"line":50,"column":27},"end":{"line":50,"column":50}},"16":{"start":{"line":51,"column":26},"end":{"line":51,"column":65}},"17":{"start":{"line":51,"column":46},"end":{"line":51,"column":64}},"18":{"start":{"line":52,"column":14},"end":{"line":54,"column":15}},"19":{"start":{"line":53,"column":16},"end":{"line":53,"column":36}},"20":{"start":{"line":55,"column":14},"end":{"line":55,"column":53}},"21":{"start":{"line":61,"column":21},"end":{"line":61,"column":61}},"22":{"start":{"line":62,"column":23},"end":{"line":62,"column":43}},"23":{"start":{"line":63,"column":10},"end":{"line":63,"column":39}},"24":{"start":{"line":64,"column":10},"end":{"line":64,"column":29}},"25":{"start":{"line":71,"column":6},"end":{"line":82,"column":9}},"26":{"start":{"line":73,"column":28},"end":{"line":73,"column":68}},"27":{"start":{"line":74,"column":8},"end":{"line":81,"column":10}},"28":{"start":{"line":78,"column":48},"end":{"line":78,"column":63}},"29":{"start":{"line":84,"column":6},"end":{"line":84,"column":27}},"30":{"start":{"line":92,"column":6},"end":{"line":92,"column":65}},"31":{"start":{"line":92,"column":44},"end":{"line":92,"column":63}},"32":{"start":{"line":93,"column":6},"end":{"line":93,"column":20}},"33":{"start":{"line":104,"column":2},"end":{"line":111,"column":4}},"34":{"start":{"line":106,"column":4},"end":{"line":108,"column":5}},"35":{"start":{"line":107,"column":6},"end":{"line":107,"column":44}},"36":{"start":{"line":110,"column":4},"end":{"line":110,"column":54}},"37":{"start":{"line":120,"column":18},"end":{"line":120,"column":19}},"38":{"start":{"line":121,"column":2},"end":{"line":130,"column":4}},"39":{"start":{"line":122,"column":4},"end":{"line":124,"column":5}},"40":{"start":{"line":123,"column":6},"end":{"line":123,"column":54}},"41":{"start":{"line":125,"column":21},"end":{"line":125,"column":43}},"42":{"start":{"line":126,"column":4},"end":{"line":128,"column":5}},"43":{"start":{"line":127,"column":6},"end":{"line":127,"column":21}},"44":{"start":{"line":129,"column":4},"end":{"line":129,"column":20}},"45":{"start":{"line":133,"column":0},"end":{"line":137,"column":2}}},"fnMap":{"0":{"name":"createMockDb","decl":{"start":{"line":14,"column":9},"end":{"line":14,"column":21}},"loc":{"start":{"line":14,"column":36},"end":{"line":96,"column":1}},"line":14},"1":{"name":"(anonymous_1)","decl":{"start":{"line":26,"column":21},"end":{"line":26,"column":22}},"loc":{"start":{"line":26,"column":33},"end":{"line":26,"column":59}},"line":26},"2":{"name":"(anonymous_2)","decl":{"start":{"line":29,"column":24},"end":{"line":29,"column":25}},"loc":{"start":{"line":29,"column":34},"end":{"line":85,"column":5}},"line":29},"3":{"name":"(anonymous_3)","decl":{"start":{"line":33,"column":15},"end":{"line":33,"column":16}},"loc":{"start":{"line":33,"column":26},"end":{"line":58,"column":9}},"line":33},"4":{"name":"(anonymous_4)","decl":{"start":{"line":40,"column":17},"end":{"line":40,"column":18}},"loc":{"start":{"line":40,"column":29},"end":{"line":48,"column":13}},"line":40},"5":{"name":"(anonymous_5)","decl":{"start":{"line":47,"column":34},"end":{"line":47,"column":35}},"loc":{"start":{"line":47,"column":42},"end":{"line":47,"column":63}},"line":47},"6":{"name":"(anonymous_6)","decl":{"start":{"line":49,"column":20},"end":{"line":49,"column":21}},"loc":{"start":{"line":49,"column":32},"end":{"line":56,"column":13}},"line":49},"7":{"name":"(anonymous_7)","decl":{"start":{"line":51,"column":41},"end":{"line":51,"column":42}},"loc":{"start":{"line":51,"column":46},"end":{"line":51,"column":64}},"line":51},"8":{"name":"(anonymous_8)","decl":{"start":{"line":60,"column":42},"end":{"line":60,"column":43}},"loc":{"start":{"line":60,"column":62},"end":{"line":65,"column":9}},"line":60},"9":{"name":"(anonymous_9)","decl":{"start":{"line":71,"column":34},"end":{"line":71,"column":35}},"loc":{"start":{"line":71,"column":42},"end":{"line":82,"column":7}},"line":71},"10":{"name":"(anonymous_10)","decl":{"start":{"line":78,"column":40},"end":{"line":78,"column":41}},"loc":{"start":{"line":78,"column":48},"end":{"line":78,"column":63}},"line":78},"11":{"name":"(anonymous_11)","decl":{"start":{"line":91,"column":12},"end":{"line":91,"column":13}},"loc":{"start":{"line":91,"column":18},"end":{"line":94,"column":5}},"line":91},"12":{"name":"(anonymous_12)","decl":{"start":{"line":92,"column":39},"end":{"line":92,"column":40}},"loc":{"start":{"line":92,"column":44},"end":{"line":92,"column":63}},"line":92},"13":{"name":"createMockCheckTaskCancelled","decl":{"start":{"line":103,"column":9},"end":{"line":103,"column":37}},"loc":{"start":{"line":103,"column":66},"end":{"line":112,"column":1}},"line":103},"14":{"name":"mockCheckTaskCancelled","decl":{"start":{"line":104,"column":24},"end":{"line":104,"column":46}},"loc":{"start":{"line":104,"column":59},"end":{"line":111,"column":3}},"line":104},"15":{"name":"createMockGenerateAi","decl":{"start":{"line":119,"column":9},"end":{"line":119,"column":29}},"loc":{"start":{"line":119,"column":41},"end":{"line":131,"column":1}},"line":119},"16":{"name":"mockGenerateAi","decl":{"start":{"line":121,"column":24},"end":{"line":121,"column":38}},"loc":{"start":{"line":121,"column":47},"end":{"line":130,"column":3}},"line":121}},"branchMap":{"0":{"loc":{"start":{"line":14,"column":22},"end":{"line":14,"column":34}},"type":"default-arg","locations":[{"start":{"line":14,"column":32},"end":{"line":14,"column":34}}],"line":14},"1":{"loc":{"start":{"line":15,"column":28},"end":{"line":15,"column":39}},"type":"default-arg","locations":[{"start":{"line":15,"column":38},"end":{"line":15,"column":39}}],"line":15},"2":{"loc":{"start":{"line":34,"column":24},"end":{"line":34,"column":60}},"type":"cond-expr","locations":[{"start":{"line":34,"column":32},"end":{"line":34,"column":53}},{"start":{"line":34,"column":56},"end":{"line":34,"column":60}}],"line":34},"3":{"loc":{"start":{"line":35,"column":24},"end":{"line":35,"column":51}},"type":"cond-expr","locations":[{"start":{"line":35,"column":32},"end":{"line":35,"column":44}},{"start":{"line":35,"column":47},"end":{"line":35,"column":51}}],"line":35},"4":{"loc":{"start":{"line":41,"column":27},"end":{"line":41,"column":50}},"type":"binary-expr","locations":[{"start":{"line":41,"column":27},"end":{"line":41,"column":44}},{"start":{"line":41,"column":48},"end":{"line":41,"column":50}}],"line":41},"5":{"loc":{"start":{"line":43,"column":14},"end":{"line":45,"column":15}},"type":"if","locations":[{"start":{"line":43,"column":14},"end":{"line":45,"column":15}},{"start":{},"end":{}}],"line":43},"6":{"loc":{"start":{"line":43,"column":18},"end":{"line":43,"column":34}},"type":"binary-expr","locations":[{"start":{"line":43,"column":18},"end":{"line":43,"column":24}},{"start":{"line":43,"column":28},"end":{"line":43,"column":34}}],"line":43},"7":{"loc":{"start":{"line":50,"column":27},"end":{"line":50,"column":50}},"type":"binary-expr","locations":[{"start":{"line":50,"column":27},"end":{"line":50,"column":44}},{"start":{"line":50,"column":48},"end":{"line":50,"column":50}}],"line":50},"8":{"loc":{"start":{"line":52,"column":14},"end":{"line":54,"column":15}},"type":"if","locations":[{"start":{"line":52,"column":14},"end":{"line":54,"column":15}},{"start":{},"end":{}}],"line":52},"9":{"loc":{"start":{"line":55,"column":32},"end":{"line":55,"column":50}},"type":"cond-expr","locations":[{"start":{"line":55,"column":45},"end":{"line":55,"column":46}},{"start":{"line":55,"column":49},"end":{"line":55,"column":50}}],"line":55},"10":{"loc":{"start":{"line":61,"column":32},"end":{"line":61,"column":60}},"type":"binary-expr","locations":[{"start":{"line":61,"column":32},"end":{"line":61,"column":50}},{"start":{"line":61,"column":54},"end":{"line":61,"column":60}}],"line":61},"11":{"loc":{"start":{"line":73,"column":28},"end":{"line":73,"column":68}},"type":"binary-expr","locations":[{"start":{"line":73,"column":28},"end":{"line":73,"column":44}},{"start":{"line":73,"column":48},"end":{"line":73,"column":68}}],"line":73},"12":{"loc":{"start":{"line":76,"column":18},"end":{"line":78,"column":99}},"type":"cond-expr","locations":[{"start":{"line":77,"column":16},"end":{"line":77,"column":48}},{"start":{"line":78,"column":17},"end":{"line":78,"column":98}}],"line":76},"13":{"loc":{"start":{"line":78,"column":17},"end":{"line":78,"column":98}},"type":"binary-expr","locations":[{"start":{"line":78,"column":17},"end":{"line":78,"column":64}},{"start":{"line":78,"column":68},"end":{"line":78,"column":98}}],"line":78},"14":{"loc":{"start":{"line":103,"column":38},"end":{"line":103,"column":64}},"type":"default-arg","locations":[{"start":{"line":103,"column":55},"end":{"line":103,"column":64}}],"line":103},"15":{"loc":{"start":{"line":106,"column":4},"end":{"line":108,"column":5}},"type":"if","locations":[{"start":{"line":106,"column":4},"end":{"line":108,"column":5}},{"start":{},"end":{}}],"line":106},"16":{"loc":{"start":{"line":106,"column":8},"end":{"line":106,"column":36}},"type":"binary-expr","locations":[{"start":{"line":106,"column":8},"end":{"line":106,"column":10}},{"start":{"line":106,"column":14},"end":{"line":106,"column":36}}],"line":106},"17":{"loc":{"start":{"line":110,"column":11},"end":{"line":110,"column":53}},"type":"cond-expr","locations":[{"start":{"line":110,"column":40},"end":{"line":110,"column":46}},{"start":{"line":110,"column":49},"end":{"line":110,"column":53}}],"line":110},"18":{"loc":{"start":{"line":122,"column":4},"end":{"line":124,"column":5}},"type":"if","locations":[{"start":{"line":122,"column":4},"end":{"line":124,"column":5}},{"start":{},"end":{}}],"line":122},"19":{"loc":{"start":{"line":126,"column":4},"end":{"line":128,"column":5}},"type":"if","locations":[{"start":{"line":126,"column":4},"end":{"line":128,"column":5}},{"start":{},"end":{}}],"line":126}},"s":{"0":9,"1":9,"2":9,"3":9,"4":28,"5":9,"6":125,"7":0,"8":0,"9":0,"10":0,"11":0,"12":0,"13":0,"14":0,"15":0,"16":0,"17":0,"18":0,"19":0,"20":0,"21":28,"22":28,"23":28,"24":28,"25":125,"26":97,"27":97,"28":0,"29":125,"30":0,"31":0,"32":0,"33":0,"34":0,"35":0,"36":0,"37":9,"38":9,"39":22,"40":0,"41":22,"42":22,"43":1,"44":21,"45":1},"f":{"0":9,"1":28,"2":125,"3":0,"4":0,"5":0,"6":0,"7":0,"8":28,"9":97,"10":0,"11":0,"12":0,"13":0,"14":0,"15":9,"16":22},"b":{"0":[0],"1":[3],"2":[0,0],"3":[0,0],"4":[0,0],"5":[0,0],"6":[0,0],"7":[0,0],"8":[0,0],"9":[0,0],"10":[28,0],"11":[97,28],"12":[2,95],"13":[95,95],"14":[0],"15":[0,0],"16":[0,0],"17":[0,0],"18":[0,22],"19":[1,21]},"_coverageSchema":"1a1c01bbd47fc00a2c39e90264f33305004495a9","hash":"62a0af0225d227f7999dc81d1d68f4763968e948"}
,"/Users/seanxx/score-boost-mini/cloudfunctions/questionGenerator/monitoring/cloud-logger.js": {"path":"/Users/seanxx/score-boost-mini/cloudfunctions/questionGenerator/monitoring/cloud-logger.js","statementMap":{"0":{"start":{"line":7,"column":33},"end":{"line":7,"column":52}},"1":{"start":{"line":12,"column":21},"end":{"line":17,"column":1}},"2":{"start":{"line":24,"column":4},"end":{"line":24,"column":25}},"3":{"start":{"line":25,"column":4},"end":{"line":25,"column":47}},"4":{"start":{"line":26,"column":4},"end":{"line":26,"column":56}},"5":{"start":{"line":27,"column":4},"end":{"line":27,"column":21}},"6":{"start":{"line":28,"column":4},"end":{"line":28,"column":24}},"7":{"start":{"line":29,"column":4},"end":{"line":29,"column":29}},"8":{"start":{"line":30,"column":4},"end":{"line":34,"column":6}},"9":{"start":{"line":41,"column":4},"end":{"line":41,"column":29}},"10":{"start":{"line":42,"column":4},"end":{"line":42,"column":34}},"11":{"start":{"line":43,"column":4},"end":{"line":43,"column":16}},"12":{"start":{"line":50,"column":4},"end":{"line":50,"column":24}},"13":{"start":{"line":51,"column":4},"end":{"line":51,"column":29}},"14":{"start":{"line":52,"column":4},"end":{"line":52,"column":16}},"15":{"start":{"line":59,"column":4},"end":{"line":59,"column":62}},"16":{"start":{"line":67,"column":4},"end":{"line":69,"column":5}},"17":{"start":{"line":68,"column":6},"end":{"line":68,"column":13}},"18":{"start":{"line":72,"column":26},"end":{"line":74,"column":5}},"19":{"start":{"line":75,"column":4},"end":{"line":81,"column":5}},"20":{"start":{"line":76,"column":6},"end":{"line":76,"column":45}},"21":{"start":{"line":77,"column":6},"end":{"line":79,"column":7}},"22":{"start":{"line":78,"column":8},"end":{"line":78,"column":35}},"23":{"start":{"line":80,"column":6},"end":{"line":80,"column":64}},"24":{"start":{"line":83,"column":4},"end":{"line":83,"column":36}},"25":{"start":{"line":84,"column":4},"end":{"line":84,"column":30}},"26":{"start":{"line":87,"column":4},"end":{"line":89,"column":5}},"27":{"start":{"line":88,"column":6},"end":{"line":88,"column":25}},"28":{"start":{"line":96,"column":4},"end":{"line":98,"column":5}},"29":{"start":{"line":97,"column":6},"end":{"line":97,"column":13}},"30":{"start":{"line":100,"column":24},"end":{"line":100,"column":40}},"31":{"start":{"line":101,"column":4},"end":{"line":101,"column":21}},"32":{"start":{"line":103,"column":4},"end":{"line":131,"column":5}},"33":{"start":{"line":106,"column":6},"end":{"line":124,"column":7}},"34":{"start":{"line":109,"column":8},"end":{"line":118,"column":9}},"35":{"start":{"line":110,"column":10},"end":{"line":110,"column":43}},"36":{"start":{"line":112,"column":10},"end":{"line":117,"column":11}},"37":{"start":{"line":113,"column":25},"end":{"line":113,"column":51}},"38":{"start":{"line":114,"column":12},"end":{"line":116,"column":13}},"39":{"start":{"line":115,"column":14},"end":{"line":115,"column":44}},"40":{"start":{"line":121,"column":8},"end":{"line":123,"column":9}},"41":{"start":{"line":122,"column":10},"end":{"line":122,"column":43}},"42":{"start":{"line":126,"column":6},"end":{"line":126,"column":52}},"43":{"start":{"line":129,"column":6},"end":{"line":129,"column":31}},"44":{"start":{"line":138,"column":4},"end":{"line":138,"column":28}},"45":{"start":{"line":145,"column":4},"end":{"line":145,"column":29}},"46":{"start":{"line":152,"column":4},"end":{"line":155,"column":8}},"47":{"start":{"line":162,"column":4},"end":{"line":165,"column":8}},"48":{"start":{"line":172,"column":4},"end":{"line":175,"column":8}},"49":{"start":{"line":182,"column":4},"end":{"line":185,"column":8}},"50":{"start":{"line":192,"column":4},"end":{"line":197,"column":8}},"51":{"start":{"line":204,"column":4},"end":{"line":209,"column":8}},"52":{"start":{"line":216,"column":4},"end":{"line":216,"column":55}},"53":{"start":{"line":220,"column":0},"end":{"line":222,"column":2}}},"fnMap":{"0":{"name":"(anonymous_0)","decl":{"start":{"line":23,"column":2},"end":{"line":23,"column":3}},"loc":{"start":{"line":23,"column":28},"end":{"line":35,"column":3}},"line":23},"1":{"name":"(anonymous_1)","decl":{"start":{"line":40,"column":2},"end":{"line":40,"column":3}},"loc":{"start":{"line":40,"column":38},"end":{"line":44,"column":3}},"line":40},"2":{"name":"(anonymous_2)","decl":{"start":{"line":49,"column":2},"end":{"line":49,"column":3}},"loc":{"start":{"line":49,"column":17},"end":{"line":53,"column":3}},"line":49},"3":{"name":"(anonymous_3)","decl":{"start":{"line":58,"column":2},"end":{"line":58,"column":3}},"loc":{"start":{"line":58,"column":20},"end":{"line":60,"column":3}},"line":58},"4":{"name":"(anonymous_4)","decl":{"start":{"line":65,"column":2},"end":{"line":65,"column":3}},"loc":{"start":{"line":65,"column":24},"end":{"line":90,"column":3}},"line":65},"5":{"name":"(anonymous_5)","decl":{"start":{"line":95,"column":2},"end":{"line":95,"column":3}},"loc":{"start":{"line":95,"column":16},"end":{"line":132,"column":3}},"line":95},"6":{"name":"(anonymous_6)","decl":{"start":{"line":137,"column":2},"end":{"line":137,"column":3}},"loc":{"start":{"line":137,"column":14},"end":{"line":139,"column":3}},"line":137},"7":{"name":"(anonymous_7)","decl":{"start":{"line":144,"column":2},"end":{"line":144,"column":3}},"loc":{"start":{"line":144,"column":13},"end":{"line":146,"column":3}},"line":144},"8":{"name":"(anonymous_8)","decl":{"start":{"line":151,"column":2},"end":{"line":151,"column":3}},"loc":{"start":{"line":151,"column":38},"end":{"line":156,"column":3}},"line":151},"9":{"name":"(anonymous_9)","decl":{"start":{"line":161,"column":2},"end":{"line":161,"column":3}},"loc":{"start":{"line":161,"column":40},"end":{"line":166,"column":3}},"line":161},"10":{"name":"(anonymous_10)","decl":{"start":{"line":171,"column":2},"end":{"line":171,"column":3}},"loc":{"start":{"line":171,"column":41},"end":{"line":176,"column":3}},"line":171},"11":{"name":"(anonymous_11)","decl":{"start":{"line":181,"column":2},"end":{"line":181,"column":3}},"loc":{"start":{"line":181,"column":39},"end":{"line":186,"column":3}},"line":181},"12":{"name":"(anonymous_12)","decl":{"start":{"line":191,"column":2},"end":{"line":191,"column":3}},"loc":{"start":{"line":191,"column":60},"end":{"line":198,"column":3}},"line":191},"13":{"name":"(anonymous_13)","decl":{"start":{"line":203,"column":2},"end":{"line":203,"column":3}},"loc":{"start":{"line":203,"column":61},"end":{"line":210,"column":3}},"line":203},"14":{"name":"(anonymous_14)","decl":{"start":{"line":215,"column":2},"end":{"line":215,"column":3}},"loc":{"start":{"line":215,"column":34},"end":{"line":217,"column":3}},"line":215}},"branchMap":{"0":{"loc":{"start":{"line":23,"column":14},"end":{"line":23,"column":26}},"type":"default-arg","locations":[{"start":{"line":23,"column":24},"end":{"line":23,"column":26}}],"line":23},"1":{"loc":{"start":{"line":25,"column":22},"end":{"line":25,"column":46}},"type":"binary-expr","locations":[{"start":{"line":25,"column":22},"end":{"line":25,"column":40}},{"start":{"line":25,"column":44},"end":{"line":25,"column":46}}],"line":25},"2":{"loc":{"start":{"line":26,"column":20},"end":{"line":26,"column":55}},"type":"binary-expr","locations":[{"start":{"line":26,"column":20},"end":{"line":26,"column":36}},{"start":{"line":26,"column":40},"end":{"line":26,"column":55}}],"line":26},"3":{"loc":{"start":{"line":40,"column":24},"end":{"line":40,"column":36}},"type":"default-arg","locations":[{"start":{"line":40,"column":34},"end":{"line":40,"column":36}}],"line":40},"4":{"loc":{"start":{"line":67,"column":4},"end":{"line":69,"column":5}},"type":"if","locations":[{"start":{"line":67,"column":4},"end":{"line":69,"column":5}},{"start":{},"end":{}}],"line":67},"5":{"loc":{"start":{"line":75,"column":4},"end":{"line":81,"column":5}},"type":"if","locations":[{"start":{"line":75,"column":4},"end":{"line":81,"column":5}},{"start":{},"end":{}}],"line":75},"6":{"loc":{"start":{"line":77,"column":6},"end":{"line":79,"column":7}},"type":"if","locations":[{"start":{"line":77,"column":6},"end":{"line":79,"column":7}},{"start":{},"end":{}}],"line":77},"7":{"loc":{"start":{"line":87,"column":4},"end":{"line":89,"column":5}},"type":"if","locations":[{"start":{"line":87,"column":4},"end":{"line":89,"column":5}},{"start":{},"end":{}}],"line":87},"8":{"loc":{"start":{"line":96,"column":4},"end":{"line":98,"column":5}},"type":"if","locations":[{"start":{"line":96,"column":4},"end":{"line":98,"column":5}},{"start":{},"end":{}}],"line":96},"9":{"loc":{"start":{"line":106,"column":6},"end":{"line":124,"column":7}},"type":"if","locations":[{"start":{"line":106,"column":6},"end":{"line":124,"column":7}},{"start":{"line":119,"column":13},"end":{"line":124,"column":7}}],"line":106},"10":{"loc":{"start":{"line":112,"column":10},"end":{"line":117,"column":11}},"type":"if","locations":[{"start":{"line":112,"column":10},"end":{"line":117,"column":11}},{"start":{},"end":{}}],"line":112},"11":{"loc":{"start":{"line":114,"column":12},"end":{"line":116,"column":13}},"type":"if","locations":[{"start":{"line":114,"column":12},"end":{"line":116,"column":13}},{"start":{},"end":{}}],"line":114},"12":{"loc":{"start":{"line":114,"column":16},"end":{"line":114,"column":32}},"type":"binary-expr","locations":[{"start":{"line":114,"column":16},"end":{"line":114,"column":20}},{"start":{"line":114,"column":24},"end":{"line":114,"column":32}}],"line":114}},"s":{"0":1,"1":1,"2":15,"3":15,"4":15,"5":15,"6":15,"7":15,"8":15,"9":2,"10":2,"11":2,"12":1,"13":1,"14":1,"15":20,"16":20,"17":1,"18":19,"19":19,"20":1,"21":1,"22":1,"23":1,"24":19,"25":19,"26":19,"27":3,"28":5,"29":0,"30":5,"31":5,"32":5,"33":5,"34":5,"35":9,"36":9,"37":9,"38":9,"39":2,"40":0,"41":0,"42":3,"43":2,"44":12,"45":1,"46":1,"47":1,"48":1,"49":1,"50":1,"51":1,"52":0,"53":1},"f":{"0":15,"1":2,"2":1,"3":20,"4":20,"5":5,"6":12,"7":1,"8":1,"9":1,"10":1,"11":1,"12":1,"13":1,"14":0},"b":{"0":[0],"1":[15,12],"2":[15,14],"3":[0],"4":[1,19],"5":[1,18],"6":[1,0],"7":[3,16],"8":[0,5],"9":[5,0],"10":[9,0],"11":[2,7],"12":[9,2]},"_coverageSchema":"1a1c01bbd47fc00a2c39e90264f33305004495a9","hash":"bc76427383fa0883b570876fbc60b55fef9f6970"}
,"/Users/seanxx/score-boost-mini/cloudfunctions/questionGenerator/monitoring/logger.js": {"path":"/Users/seanxx/score-boost-mini/cloudfunctions/questionGenerator/monitoring/logger.js","statementMap":{"0":{"start":{"line":10,"column":18},"end":{"line":15,"column":1}},"1":{"start":{"line":21,"column":2},"end":{"line":21,"column":34}},"2":{"start":{"line":49,"column":6},"end":{"line":49,"column":12}},"3":{"start":{"line":51,"column":14},"end":{"line":55,"column":3}},"4":{"start":{"line":58,"column":2},"end":{"line":58,"column":34}},"5":{"start":{"line":58,"column":14},"end":{"line":58,"column":34}},"6":{"start":{"line":59,"column":2},"end":{"line":59,"column":28}},"7":{"start":{"line":59,"column":12},"end":{"line":59,"column":28}},"8":{"start":{"line":60,"column":2},"end":{"line":60,"column":31}},"9":{"start":{"line":60,"column":13},"end":{"line":60,"column":31}},"10":{"start":{"line":61,"column":2},"end":{"line":61,"column":37}},"11":{"start":{"line":61,"column":15},"end":{"line":61,"column":37}},"12":{"start":{"line":62,"column":2},"end":{"line":62,"column":31}},"13":{"start":{"line":62,"column":13},"end":{"line":62,"column":31}},"14":{"start":{"line":63,"column":2},"end":{"line":63,"column":37}},"15":{"start":{"line":63,"column":15},"end":{"line":63,"column":37}},"16":{"start":{"line":64,"column":2},"end":{"line":64,"column":34}},"17":{"start":{"line":64,"column":14},"end":{"line":64,"column":34}},"18":{"start":{"line":66,"column":2},"end":{"line":66,"column":13}},"19":{"start":{"line":70,"column":0},"end":{"line":85,"column":2}},"20":{"start":{"line":71,"column":2},"end":{"line":84,"column":5}},"21":{"start":{"line":87,"column":0},"end":{"line":99,"column":2}},"22":{"start":{"line":88,"column":2},"end":{"line":98,"column":5}},"23":{"start":{"line":101,"column":0},"end":{"line":117,"column":2}},"24":{"start":{"line":102,"column":2},"end":{"line":116,"column":5}},"25":{"start":{"line":119,"column":0},"end":{"line":127,"column":2}},"26":{"start":{"line":120,"column":2},"end":{"line":126,"column":5}},"27":{"start":{"line":129,"column":0},"end":{"line":139,"column":2}},"28":{"start":{"line":130,"column":2},"end":{"line":138,"column":5}},"29":{"start":{"line":141,"column":0},"end":{"line":154,"column":2}},"30":{"start":{"line":142,"column":2},"end":{"line":153,"column":5}},"31":{"start":{"line":156,"column":0},"end":{"line":167,"column":2}},"32":{"start":{"line":157,"column":2},"end":{"line":166,"column":5}},"33":{"start":{"line":169,"column":0},"end":{"line":172,"column":2}}},"fnMap":{"0":{"name":"getTimestamp","decl":{"start":{"line":20,"column":9},"end":{"line":20,"column":21}},"loc":{"start":{"line":20,"column":24},"end":{"line":22,"column":1}},"line":20},"1":{"name":"formatLog","decl":{"start":{"line":38,"column":9},"end":{"line":38,"column":18}},"loc":{"start":{"line":38,"column":27},"end":{"line":67,"column":1}},"line":38},"2":{"name":"(anonymous_2)","decl":{"start":{"line":70,"column":22},"end":{"line":70,"column":23}},"loc":{"start":{"line":70,"column":95},"end":{"line":85,"column":1}},"line":70},"3":{"name":"(anonymous_3)","decl":{"start":{"line":87,"column":25},"end":{"line":87,"column":26}},"loc":{"start":{"line":87,"column":79},"end":{"line":99,"column":1}},"line":87},"4":{"name":"(anonymous_4)","decl":{"start":{"line":101,"column":23},"end":{"line":101,"column":24}},"loc":{"start":{"line":101,"column":81},"end":{"line":117,"column":1}},"line":101},"5":{"name":"(anonymous_5)","decl":{"start":{"line":119,"column":22},"end":{"line":119,"column":23}},"loc":{"start":{"line":119,"column":48},"end":{"line":127,"column":1}},"line":119},"6":{"name":"(anonymous_6)","decl":{"start":{"line":129,"column":25},"end":{"line":129,"column":26}},"loc":{"start":{"line":129,"column":69},"end":{"line":139,"column":1}},"line":129},"7":{"name":"(anonymous_7)","decl":{"start":{"line":141,"column":23},"end":{"line":141,"column":24}},"loc":{"start":{"line":141,"column":66},"end":{"line":154,"column":1}},"line":141},"8":{"name":"(anonymous_8)","decl":{"start":{"line":156,"column":24},"end":{"line":156,"column":25}},"loc":{"start":{"line":156,"column":74},"end":{"line":167,"column":1}},"line":156}},"branchMap":{"0":{"loc":{"start":{"line":58,"column":2},"end":{"line":58,"column":34}},"type":"if","locations":[{"start":{"line":58,"column":2},"end":{"line":58,"column":34}},{"start":{},"end":{}}],"line":58},"1":{"loc":{"start":{"line":59,"column":2},"end":{"line":59,"column":28}},"type":"if","locations":[{"start":{"line":59,"column":2},"end":{"line":59,"column":28}},{"start":{},"end":{}}],"line":59},"2":{"loc":{"start":{"line":60,"column":2},"end":{"line":60,"column":31}},"type":"if","locations":[{"start":{"line":60,"column":2},"end":{"line":60,"column":31}},{"start":{},"end":{}}],"line":60},"3":{"loc":{"start":{"line":61,"column":2},"end":{"line":61,"column":37}},"type":"if","locations":[{"start":{"line":61,"column":2},"end":{"line":61,"column":37}},{"start":{},"end":{}}],"line":61},"4":{"loc":{"start":{"line":62,"column":2},"end":{"line":62,"column":31}},"type":"if","locations":[{"start":{"line":62,"column":2},"end":{"line":62,"column":31}},{"start":{},"end":{}}],"line":62},"5":{"loc":{"start":{"line":63,"column":2},"end":{"line":63,"column":37}},"type":"if","locations":[{"start":{"line":63,"column":2},"end":{"line":63,"column":37}},{"start":{},"end":{}}],"line":63},"6":{"loc":{"start":{"line":64,"column":2},"end":{"line":64,"column":34}},"type":"if","locations":[{"start":{"line":64,"column":2},"end":{"line":64,"column":34}},{"start":{},"end":{}}],"line":64},"7":{"loc":{"start":{"line":104,"column":13},"end":{"line":104,"column":57}},"type":"cond-expr","locations":[{"start":{"line":104,"column":25},"end":{"line":104,"column":41}},{"start":{"line":104,"column":44},"end":{"line":104,"column":57}}],"line":104},"8":{"loc":{"start":{"line":106,"column":11},"end":{"line":106,"column":55}},"type":"cond-expr","locations":[{"start":{"line":106,"column":23},"end":{"line":106,"column":39}},{"start":{"line":106,"column":42},"end":{"line":106,"column":55}}],"line":106},"9":{"loc":{"start":{"line":108,"column":12},"end":{"line":108,"column":35}},"type":"binary-expr","locations":[{"start":{"line":108,"column":12},"end":{"line":108,"column":22}},{"start":{"line":108,"column":26},"end":{"line":108,"column":35}}],"line":108},"10":{"loc":{"start":{"line":149,"column":12},"end":{"line":149,"column":35}},"type":"binary-expr","locations":[{"start":{"line":149,"column":12},"end":{"line":149,"column":22}},{"start":{"line":149,"column":26},"end":{"line":149,"column":35}}],"line":149}},"s":{"0":2,"1":33,"2":33,"3":33,"4":33,"5":31,"6":33,"7":6,"8":33,"9":13,"10":33,"11":10,"12":33,"13":5,"14":33,"15":5,"16":33,"17":3,"18":33,"19":2,"20":2,"21":2,"22":2,"23":2,"24":2,"25":2,"26":2,"27":2,"28":2,"29":2,"30":1,"31":2,"32":0,"33":2},"f":{"0":33,"1":33,"2":2,"3":2,"4":2,"5":2,"6":2,"7":1,"8":0},"b":{"0":[31,2],"1":[6,27],"2":[13,20],"3":[10,23],"4":[5,28],"5":[5,28],"6":[3,30],"7":[0,2],"8":[0,2],"9":[2,0],"10":[1,0]},"_coverageSchema":"1a1c01bbd47fc00a2c39e90264f33305004495a9","hash":"7e44174f70a1bfb00111062086af71ff360b4ff6"}
,"/Users/seanxx/score-boost-mini/cloudfunctions/questionGenerator/monitoring/metrics.js": {"path":"/Users/seanxx/score-boost-mini/cloudfunctions/questionGenerator/monitoring/metrics.js","statementMap":{"0":{"start":{"line":10,"column":20},"end":{"line":14,"column":1}},"1":{"start":{"line":21,"column":4},"end":{"line":21,"column":25}},"2":{"start":{"line":22,"column":4},"end":{"line":22,"column":26}},"3":{"start":{"line":23,"column":4},"end":{"line":23,"column":24}},"4":{"start":{"line":24,"column":4},"end":{"line":24,"column":22}},"5":{"start":{"line":25,"column":4},"end":{"line":25,"column":20}},"6":{"start":{"line":26,"column":4},"end":{"line":26,"column":28}},"7":{"start":{"line":27,"column":4},"end":{"line":27,"column":28}},"8":{"start":{"line":28,"column":4},"end":{"line":28,"column":29}},"9":{"start":{"line":29,"column":4},"end":{"line":29,"column":26}},"10":{"start":{"line":30,"column":4},"end":{"line":30,"column":29}},"11":{"start":{"line":31,"column":4},"end":{"line":31,"column":29}},"12":{"start":{"line":32,"column":4},"end":{"line":32,"column":32}},"13":{"start":{"line":36,"column":4},"end":{"line":36,"column":32}},"14":{"start":{"line":37,"column":4},"end":{"line":37,"column":16}},"15":{"start":{"line":41,"column":4},"end":{"line":41,"column":23}},"16":{"start":{"line":42,"column":4},"end":{"line":42,"column":16}},"17":{"start":{"line":46,"column":4},"end":{"line":46,"column":39}},"18":{"start":{"line":47,"column":4},"end":{"line":47,"column":16}},"19":{"start":{"line":51,"column":4},"end":{"line":54,"column":6}},"20":{"start":{"line":55,"column":4},"end":{"line":55,"column":16}},"21":{"start":{"line":59,"column":4},"end":{"line":65,"column":5}},"22":{"start":{"line":60,"column":6},"end":{"line":63,"column":9}},"23":{"start":{"line":64,"column":6},"end":{"line":64,"column":30}},"24":{"start":{"line":66,"column":4},"end":{"line":66,"column":16}},"25":{"start":{"line":70,"column":4},"end":{"line":72,"column":5}},"26":{"start":{"line":71,"column":6},"end":{"line":71,"column":32}},"27":{"start":{"line":73,"column":4},"end":{"line":73,"column":28}},"28":{"start":{"line":74,"column":4},"end":{"line":74,"column":52}},"29":{"start":{"line":75,"column":4},"end":{"line":75,"column":16}},"30":{"start":{"line":79,"column":4},"end":{"line":81,"column":5}},"31":{"start":{"line":80,"column":6},"end":{"line":80,"column":32}},"32":{"start":{"line":82,"column":4},"end":{"line":82,"column":27}},"33":{"start":{"line":83,"column":4},"end":{"line":83,"column":45}},"34":{"start":{"line":84,"column":4},"end":{"line":84,"column":38}},"35":{"start":{"line":85,"column":4},"end":{"line":85,"column":33}},"36":{"start":{"line":86,"column":4},"end":{"line":86,"column":16}},"37":{"start":{"line":90,"column":4},"end":{"line":92,"column":5}},"38":{"start":{"line":91,"column":6},"end":{"line":91,"column":32}},"39":{"start":{"line":93,"column":4},"end":{"line":93,"column":30}},"40":{"start":{"line":94,"column":4},"end":{"line":94,"column":36}},"41":{"start":{"line":95,"column":4},"end":{"line":95,"column":16}},"42":{"start":{"line":100,"column":26},"end":{"line":102,"column":12}},"43":{"start":{"line":104,"column":4},"end":{"line":117,"column":6}},"44":{"start":{"line":126,"column":4},"end":{"line":126,"column":30}},"45":{"start":{"line":127,"column":4},"end":{"line":127,"column":28}},"46":{"start":{"line":128,"column":4},"end":{"line":128,"column":32}},"47":{"start":{"line":129,"column":4},"end":{"line":129,"column":27}},"48":{"start":{"line":130,"column":4},"end":{"line":130,"column":30}},"49":{"start":{"line":137,"column":20},"end":{"line":137,"column":48}},"50":{"start":{"line":138,"column":4},"end":{"line":138,"column":45}},"51":{"start":{"line":139,"column":4},"end":{"line":139,"column":16}},"52":{"start":{"line":146,"column":21},"end":{"line":148,"column":12}},"53":{"start":{"line":149,"column":4},"end":{"line":149,"column":37}},"54":{"start":{"line":150,"column":4},"end":{"line":150,"column":16}},"55":{"start":{"line":157,"column":4},"end":{"line":159,"column":5}},"56":{"start":{"line":158,"column":6},"end":{"line":158,"column":36}},"57":{"start":{"line":160,"column":4},"end":{"line":160,"column":42}},"58":{"start":{"line":161,"column":4},"end":{"line":161,"column":16}},"59":{"start":{"line":168,"column":20},"end":{"line":168,"column":53}},"60":{"start":{"line":169,"column":4},"end":{"line":169,"column":46}},"61":{"start":{"line":170,"column":4},"end":{"line":170,"column":16}},"62":{"start":{"line":177,"column":24},"end":{"line":177,"column":47}},"63":{"start":{"line":178,"column":4},"end":{"line":178,"column":40}},"64":{"start":{"line":179,"column":4},"end":{"line":179,"column":23}},"65":{"start":{"line":186,"column":20},"end":{"line":186,"column":22}},"66":{"start":{"line":189,"column":4},"end":{"line":191,"column":5}},"67":{"start":{"line":190,"column":6},"end":{"line":190,"column":28}},"68":{"start":{"line":194,"column":4},"end":{"line":196,"column":5}},"69":{"start":{"line":195,"column":6},"end":{"line":195,"column":28}},"70":{"start":{"line":199,"column":4},"end":{"line":213,"column":5}},"71":{"start":{"line":200,"column":6},"end":{"line":212,"column":7}},"72":{"start":{"line":201,"column":8},"end":{"line":201,"column":49}},"73":{"start":{"line":202,"column":8},"end":{"line":202,"column":67}},"74":{"start":{"line":202,"column":57},"end":{"line":202,"column":62}},"75":{"start":{"line":203,"column":8},"end":{"line":203,"column":83}},"76":{"start":{"line":203,"column":57},"end":{"line":203,"column":62}},"77":{"start":{"line":204,"column":8},"end":{"line":204,"column":53}},"78":{"start":{"line":205,"column":8},"end":{"line":205,"column":53}},"79":{"start":{"line":208,"column":23},"end":{"line":208,"column":56}},"80":{"start":{"line":208,"column":50},"end":{"line":208,"column":55}},"81":{"start":{"line":209,"column":8},"end":{"line":209,"column":62}},"82":{"start":{"line":210,"column":8},"end":{"line":210,"column":62}},"83":{"start":{"line":211,"column":8},"end":{"line":211,"column":62}},"84":{"start":{"line":215,"column":4},"end":{"line":215,"column":19}},"85":{"start":{"line":223,"column":18},"end":{"line":223,"column":54}},"86":{"start":{"line":224,"column":18},"end":{"line":224,"column":35}},"87":{"start":{"line":225,"column":18},"end":{"line":225,"column":34}},"88":{"start":{"line":226,"column":19},"end":{"line":226,"column":32}},"89":{"start":{"line":228,"column":4},"end":{"line":230,"column":5}},"90":{"start":{"line":229,"column":6},"end":{"line":229,"column":49}},"91":{"start":{"line":232,"column":4},"end":{"line":232,"column":75}},"92":{"start":{"line":239,"column":4},"end":{"line":242,"column":6}},"93":{"start":{"line":249,"column":4},"end":{"line":249,"column":26}},"94":{"start":{"line":250,"column":4},"end":{"line":250,"column":24}},"95":{"start":{"line":251,"column":4},"end":{"line":251,"column":28}},"96":{"start":{"line":252,"column":4},"end":{"line":252,"column":23}},"97":{"start":{"line":253,"column":4},"end":{"line":253,"column":26}},"98":{"start":{"line":254,"column":4},"end":{"line":254,"column":16}},"99":{"start":{"line":261,"column":20},"end":{"line":261,"column":59}},"100":{"start":{"line":262,"column":22},"end":{"line":262,"column":63}},"101":{"start":{"line":263,"column":19},"end":{"line":263,"column":57}},"102":{"start":{"line":265,"column":22},"end":{"line":265,"column":23}},"103":{"start":{"line":266,"column":24},"end":{"line":266,"column":25}},"104":{"start":{"line":267,"column":4},"end":{"line":273,"column":5}},"105":{"start":{"line":268,"column":22},"end":{"line":268,"column":39}},"106":{"start":{"line":269,"column":6},"end":{"line":272,"column":7}},"107":{"start":{"line":270,"column":8},"end":{"line":270,"column":40}},"108":{"start":{"line":271,"column":8},"end":{"line":271,"column":24}},"109":{"start":{"line":274,"column":4},"end":{"line":276,"column":5}},"110":{"start":{"line":275,"column":6},"end":{"line":275,"column":60}},"111":{"start":{"line":278,"column":4},"end":{"line":285,"column":6}},"112":{"start":{"line":292,"column":22},"end":{"line":292,"column":24}},"113":{"start":{"line":293,"column":4},"end":{"line":302,"column":5}},"114":{"start":{"line":294,"column":22},"end":{"line":294,"column":39}},"115":{"start":{"line":295,"column":6},"end":{"line":301,"column":7}},"116":{"start":{"line":296,"column":8},"end":{"line":300,"column":11}},"117":{"start":{"line":303,"column":4},"end":{"line":303,"column":61}},"118":{"start":{"line":303,"column":36},"end":{"line":303,"column":59}},"119":{"start":{"line":310,"column":19},"end":{"line":310,"column":21}},"120":{"start":{"line":311,"column":4},"end":{"line":313,"column":5}},"121":{"start":{"line":312,"column":6},"end":{"line":312,"column":27}},"122":{"start":{"line":314,"column":4},"end":{"line":314,"column":18}},"123":{"start":{"line":318,"column":0},"end":{"line":322,"column":2}}},"fnMap":{"0":{"name":"(anonymous_0)","decl":{"start":{"line":20,"column":2},"end":{"line":20,"column":3}},"loc":{"start":{"line":20,"column":22},"end":{"line":33,"column":3}},"line":20},"1":{"name":"(anonymous_1)","decl":{"start":{"line":35,"column":2},"end":{"line":35,"column":3}},"loc":{"start":{"line":35,"column":10},"end":{"line":38,"column":3}},"line":35},"2":{"name":"(anonymous_2)","decl":{"start":{"line":40,"column":2},"end":{"line":40,"column":3}},"loc":{"start":{"line":40,"column":18},"end":{"line":43,"column":3}},"line":40},"3":{"name":"(anonymous_3)","decl":{"start":{"line":45,"column":2},"end":{"line":45,"column":3}},"loc":{"start":{"line":45,"column":23},"end":{"line":48,"column":3}},"line":45},"4":{"name":"(anonymous_4)","decl":{"start":{"line":50,"column":2},"end":{"line":50,"column":3}},"loc":{"start":{"line":50,"column":22},"end":{"line":56,"column":3}},"line":50},"5":{"name":"(anonymous_5)","decl":{"start":{"line":58,"column":2},"end":{"line":58,"column":3}},"loc":{"start":{"line":58,"column":20},"end":{"line":67,"column":3}},"line":58},"6":{"name":"(anonymous_6)","decl":{"start":{"line":69,"column":2},"end":{"line":69,"column":3}},"loc":{"start":{"line":69,"column":22},"end":{"line":76,"column":3}},"line":69},"7":{"name":"(anonymous_7)","decl":{"start":{"line":78,"column":2},"end":{"line":78,"column":3}},"loc":{"start":{"line":78,"column":31},"end":{"line":87,"column":3}},"line":78},"8":{"name":"(anonymous_8)","decl":{"start":{"line":89,"column":2},"end":{"line":89,"column":3}},"loc":{"start":{"line":89,"column":26},"end":{"line":96,"column":3}},"line":89},"9":{"name":"(anonymous_9)","decl":{"start":{"line":98,"column":2},"end":{"line":98,"column":3}},"loc":{"start":{"line":98,"column":15},"end":{"line":118,"column":3}},"line":98},"10":{"name":"(anonymous_10)","decl":{"start":{"line":125,"column":2},"end":{"line":125,"column":3}},"loc":{"start":{"line":125,"column":16},"end":{"line":131,"column":3}},"line":125},"11":{"name":"(anonymous_11)","decl":{"start":{"line":136,"column":2},"end":{"line":136,"column":3}},"loc":{"start":{"line":136,"column":29},"end":{"line":140,"column":3}},"line":136},"12":{"name":"(anonymous_12)","decl":{"start":{"line":145,"column":2},"end":{"line":145,"column":3}},"loc":{"start":{"line":145,"column":32},"end":{"line":151,"column":3}},"line":145},"13":{"name":"(anonymous_13)","decl":{"start":{"line":156,"column":2},"end":{"line":156,"column":3}},"loc":{"start":{"line":156,"column":30},"end":{"line":162,"column":3}},"line":156},"14":{"name":"(anonymous_14)","decl":{"start":{"line":167,"column":2},"end":{"line":167,"column":3}},"loc":{"start":{"line":167,"column":27},"end":{"line":171,"column":3}},"line":167},"15":{"name":"(anonymous_15)","decl":{"start":{"line":176,"column":2},"end":{"line":176,"column":3}},"loc":{"start":{"line":176,"column":28},"end":{"line":180,"column":3}},"line":176},"16":{"name":"(anonymous_16)","decl":{"start":{"line":185,"column":2},"end":{"line":185,"column":3}},"loc":{"start":{"line":185,"column":15},"end":{"line":216,"column":3}},"line":185},"17":{"name":"(anonymous_17)","decl":{"start":{"line":202,"column":47},"end":{"line":202,"column":48}},"loc":{"start":{"line":202,"column":57},"end":{"line":202,"column":62}},"line":202},"18":{"name":"(anonymous_18)","decl":{"start":{"line":203,"column":47},"end":{"line":203,"column":48}},"loc":{"start":{"line":203,"column":57},"end":{"line":203,"column":62}},"line":203},"19":{"name":"(anonymous_19)","decl":{"start":{"line":208,"column":40},"end":{"line":208,"column":41}},"loc":{"start":{"line":208,"column":50},"end":{"line":208,"column":55}},"line":208},"20":{"name":"(anonymous_20)","decl":{"start":{"line":222,"column":2},"end":{"line":222,"column":3}},"loc":{"start":{"line":222,"column":30},"end":{"line":233,"column":3}},"line":222},"21":{"name":"(anonymous_21)","decl":{"start":{"line":238,"column":2},"end":{"line":238,"column":3}},"loc":{"start":{"line":238,"column":11},"end":{"line":243,"column":3}},"line":238},"22":{"name":"(anonymous_22)","decl":{"start":{"line":248,"column":2},"end":{"line":248,"column":3}},"loc":{"start":{"line":248,"column":10},"end":{"line":255,"column":3}},"line":248},"23":{"name":"(anonymous_23)","decl":{"start":{"line":260,"column":2},"end":{"line":260,"column":3}},"loc":{"start":{"line":260,"column":13},"end":{"line":286,"column":3}},"line":260},"24":{"name":"(anonymous_24)","decl":{"start":{"line":291,"column":2},"end":{"line":291,"column":3}},"loc":{"start":{"line":291,"column":28},"end":{"line":304,"column":3}},"line":291},"25":{"name":"(anonymous_25)","decl":{"start":{"line":303,"column":26},"end":{"line":303,"column":27}},"loc":{"start":{"line":303,"column":36},"end":{"line":303,"column":59}},"line":303},"26":{"name":"(anonymous_26)","decl":{"start":{"line":309,"column":2},"end":{"line":309,"column":3}},"loc":{"start":{"line":309,"column":20},"end":{"line":315,"column":3}},"line":309}},"branchMap":{"0":{"loc":{"start":{"line":59,"column":4},"end":{"line":65,"column":5}},"type":"if","locations":[{"start":{"line":59,"column":4},"end":{"line":65,"column":5}},{"start":{},"end":{}}],"line":59},"1":{"loc":{"start":{"line":59,"column":8},"end":{"line":59,"column":62}},"type":"binary-expr","locations":[{"start":{"line":59,"column":8},"end":{"line":59,"column":24}},{"start":{"line":59,"column":28},"end":{"line":59,"column":62}}],"line":59},"2":{"loc":{"start":{"line":70,"column":4},"end":{"line":72,"column":5}},"type":"if","locations":[{"start":{"line":70,"column":4},"end":{"line":72,"column":5}},{"start":{},"end":{}}],"line":70},"3":{"loc":{"start":{"line":74,"column":24},"end":{"line":74,"column":51}},"type":"binary-expr","locations":[{"start":{"line":74,"column":24},"end":{"line":74,"column":43}},{"start":{"line":74,"column":47},"end":{"line":74,"column":51}}],"line":74},"4":{"loc":{"start":{"line":79,"column":4},"end":{"line":81,"column":5}},"type":"if","locations":[{"start":{"line":79,"column":4},"end":{"line":81,"column":5}},{"start":{},"end":{}}],"line":79},"5":{"loc":{"start":{"line":83,"column":21},"end":{"line":83,"column":44}},"type":"binary-expr","locations":[{"start":{"line":83,"column":21},"end":{"line":83,"column":31}},{"start":{"line":83,"column":35},"end":{"line":83,"column":44}}],"line":83},"6":{"loc":{"start":{"line":90,"column":4},"end":{"line":92,"column":5}},"type":"if","locations":[{"start":{"line":90,"column":4},"end":{"line":92,"column":5}},{"start":{},"end":{}}],"line":90},"7":{"loc":{"start":{"line":100,"column":26},"end":{"line":102,"column":12}},"type":"cond-expr","locations":[{"start":{"line":101,"column":8},"end":{"line":101,"column":37}},{"start":{"line":102,"column":8},"end":{"line":102,"column":12}}],"line":100},"8":{"loc":{"start":{"line":100,"column":26},"end":{"line":100,"column":56}},"type":"binary-expr","locations":[{"start":{"line":100,"column":26},"end":{"line":100,"column":38}},{"start":{"line":100,"column":42},"end":{"line":100,"column":56}}],"line":100},"9":{"loc":{"start":{"line":136,"column":18},"end":{"line":136,"column":27}},"type":"default-arg","locations":[{"start":{"line":136,"column":26},"end":{"line":136,"column":27}}],"line":136},"10":{"loc":{"start":{"line":137,"column":20},"end":{"line":137,"column":48}},"type":"binary-expr","locations":[{"start":{"line":137,"column":20},"end":{"line":137,"column":43}},{"start":{"line":137,"column":47},"end":{"line":137,"column":48}}],"line":137},"11":{"loc":{"start":{"line":145,"column":19},"end":{"line":145,"column":30}},"type":"default-arg","locations":[{"start":{"line":145,"column":28},"end":{"line":145,"column":30}}],"line":145},"12":{"loc":{"start":{"line":146,"column":21},"end":{"line":148,"column":12}},"type":"cond-expr","locations":[{"start":{"line":147,"column":8},"end":{"line":147,"column":52}},{"start":{"line":148,"column":8},"end":{"line":148,"column":12}}],"line":146},"13":{"loc":{"start":{"line":157,"column":4},"end":{"line":159,"column":5}},"type":"if","locations":[{"start":{"line":157,"column":4},"end":{"line":159,"column":5}},{"start":{},"end":{}}],"line":157},"14":{"loc":{"start":{"line":168,"column":20},"end":{"line":168,"column":53}},"type":"binary-expr","locations":[{"start":{"line":168,"column":20},"end":{"line":168,"column":48}},{"start":{"line":168,"column":52},"end":{"line":168,"column":53}}],"line":168},"15":{"loc":{"start":{"line":200,"column":6},"end":{"line":212,"column":7}},"type":"if","locations":[{"start":{"line":200,"column":6},"end":{"line":212,"column":7}},{"start":{},"end":{}}],"line":200},"16":{"loc":{"start":{"line":228,"column":4},"end":{"line":230,"column":5}},"type":"if","locations":[{"start":{"line":228,"column":4},"end":{"line":230,"column":5}},{"start":{},"end":{}}],"line":228},"17":{"loc":{"start":{"line":261,"column":20},"end":{"line":261,"column":59}},"type":"binary-expr","locations":[{"start":{"line":261,"column":20},"end":{"line":261,"column":54}},{"start":{"line":261,"column":58},"end":{"line":261,"column":59}}],"line":261},"18":{"loc":{"start":{"line":262,"column":22},"end":{"line":262,"column":63}},"type":"binary-expr","locations":[{"start":{"line":262,"column":22},"end":{"line":262,"column":58}},{"start":{"line":262,"column":62},"end":{"line":262,"column":63}}],"line":262},"19":{"loc":{"start":{"line":263,"column":19},"end":{"line":263,"column":57}},"type":"binary-expr","locations":[{"start":{"line":263,"column":19},"end":{"line":263,"column":52}},{"start":{"line":263,"column":56},"end":{"line":263,"column":57}}],"line":263},"20":{"loc":{"start":{"line":269,"column":6},"end":{"line":272,"column":7}},"type":"if","locations":[{"start":{"line":269,"column":6},"end":{"line":272,"column":7}},{"start":{},"end":{}}],"line":269},"21":{"loc":{"start":{"line":274,"column":4},"end":{"line":276,"column":5}},"type":"if","locations":[{"start":{"line":274,"column":4},"end":{"line":276,"column":5}},{"start":{},"end":{}}],"line":274},"22":{"loc":{"start":{"line":282,"column":19},"end":{"line":282,"column":56}},"type":"cond-expr","locations":[{"start":{"line":282,"column":33},"end":{"line":282,"column":52}},{"start":{"line":282,"column":55},"end":{"line":282,"column":56}}],"line":282},"23":{"loc":{"start":{"line":283,"column":19},"end":{"line":283,"column":53}},"type":"cond-expr","locations":[{"start":{"line":283,"column":33},"end":{"line":283,"column":49}},{"start":{"line":283,"column":52},"end":{"line":283,"column":53}}],"line":283},"24":{"loc":{"start":{"line":295,"column":6},"end":{"line":301,"column":7}},"type":"if","locations":[{"start":{"line":295,"column":6},"end":{"line":301,"column":7}},{"start":{},"end":{}}],"line":295},"25":{"loc":{"start":{"line":295,"column":10},"end":{"line":295,"column":70}},"type":"binary-expr","locations":[{"start":{"line":295,"column":10},"end":{"line":295,"column":31}},{"start":{"line":295,"column":35},"end":{"line":295,"column":70}}],"line":295}},"s":{"0":1,"1":6,"2":6,"3":6,"4":6,"5":6,"6":6,"7":6,"8":6,"9":6,"10":6,"11":6,"12":6,"13":4,"14":4,"15":2,"16":2,"17":2,"18":2,"19":3,"20":3,"21":2,"22":2,"23":2,"24":2,"25":4,"26":2,"27":4,"28":4,"29":4,"30":1,"31":1,"32":1,"33":1,"34":1,"35":1,"36":1,"37":1,"38":1,"39":1,"40":1,"41":1,"42":6,"43":6,"44":17,"45":17,"46":17,"47":17,"48":17,"49":11,"50":11,"51":11,"52":6,"53":6,"54":6,"55":17,"56":6,"57":17,"58":17,"59":3,"60":3,"61":3,"62":6,"63":6,"64":6,"65":9,"66":9,"67":5,"68":9,"69":4,"70":9,"71":6,"72":6,"73":6,"74":17,"75":6,"76":17,"77":6,"78":6,"79":6,"80":12,"81":6,"82":6,"83":6,"84":9,"85":18,"86":18,"87":18,"88":18,"89":18,"90":0,"91":18,"92":1,"93":1,"94":1,"95":1,"96":1,"97":1,"98":1,"99":2,"100":2,"101":2,"102":2,"103":2,"104":2,"105":2,"106":2,"107":2,"108":2,"109":2,"110":1,"111":2,"112":1,"113":1,"114":1,"115":1,"116":1,"117":1,"118":0,"119":1,"120":1,"121":2,"122":1,"123":1},"f":{"0":6,"1":4,"2":2,"3":2,"4":3,"5":2,"6":4,"7":1,"8":1,"9":6,"10":17,"11":11,"12":6,"13":17,"14":3,"15":6,"16":9,"17":17,"18":17,"19":12,"20":18,"21":1,"22":1,"23":2,"24":1,"25":0,"26":1},"b":{"0":[2,0],"1":[2,2],"2":[2,2],"3":[4,3],"4":[1,0],"5":[1,0],"6":[1,0],"7":[4,2],"8":[6,6],"9":[7],"10":[11,9],"11":[4],"12":[2,4],"13":[6,11],"14":[3,2],"15":[6,0],"16":[0,18],"17":[2,1],"18":[2,1],"19":[2,1],"20":[2,0],"21":[1,1],"22":[1,1],"23":[1,1],"24":[1,0],"25":[1,1]},"_coverageSchema":"1a1c01bbd47fc00a2c39e90264f33305004495a9","hash":"fb437610359937a49b0971f7548ea7b4b6931d19"}
,"/Users/seanxx/score-boost-mini/cloudfunctions/questionGenerator/workflow/BaseStep.js": {"path":"/Users/seanxx/score-boost-mini/cloudfunctions/questionGenerator/workflow/BaseStep.js","statementMap":{"0":{"start":{"line":16,"column":4},"end":{"line":16,"column":21}},"1":{"start":{"line":17,"column":4},"end":{"line":17,"column":58}},"2":{"start":{"line":18,"column":4},"end":{"line":18,"column":51}},"3":{"start":{"line":19,"column":4},"end":{"line":19,"column":47}},"4":{"start":{"line":29,"column":4},"end":{"line":29,"column":75}},"5":{"start":{"line":46,"column":4},"end":{"line":46,"column":26}},"6":{"start":{"line":50,"column":0},"end":{"line":50,"column":30}}},"fnMap":{"0":{"name":"(anonymous_0)","decl":{"start":{"line":15,"column":2},"end":{"line":15,"column":3}},"loc":{"start":{"line":15,"column":34},"end":{"line":20,"column":3}},"line":15},"1":{"name":"(anonymous_1)","decl":{"start":{"line":28,"column":2},"end":{"line":28,"column":3}},"loc":{"start":{"line":28,"column":21},"end":{"line":30,"column":3}},"line":28},"2":{"name":"(anonymous_2)","decl":{"start":{"line":37,"column":2},"end":{"line":37,"column":3}},"loc":{"start":{"line":37,"column":22},"end":{"line":39,"column":3}},"line":37},"3":{"name":"(anonymous_3)","decl":{"start":{"line":45,"column":2},"end":{"line":45,"column":3}},"loc":{"start":{"line":45,"column":17},"end":{"line":47,"column":3}},"line":45}},"branchMap":{"0":{"loc":{"start":{"line":15,"column":20},"end":{"line":15,"column":32}},"type":"default-arg","locations":[{"start":{"line":15,"column":30},"end":{"line":15,"column":32}}],"line":15},"1":{"loc":{"start":{"line":17,"column":26},"end":{"line":17,"column":57}},"type":"binary-expr","locations":[{"start":{"line":17,"column":26},"end":{"line":17,"column":48}},{"start":{"line":17,"column":52},"end":{"line":17,"column":57}}],"line":17},"2":{"loc":{"start":{"line":18,"column":24},"end":{"line":18,"column":50}},"type":"binary-expr","locations":[{"start":{"line":18,"column":24},"end":{"line":18,"column":44}},{"start":{"line":18,"column":48},"end":{"line":18,"column":50}}],"line":18},"3":{"loc":{"start":{"line":19,"column":21},"end":{"line":19,"column":46}},"type":"binary-expr","locations":[{"start":{"line":19,"column":21},"end":{"line":19,"column":38}},{"start":{"line":19,"column":42},"end":{"line":19,"column":46}}],"line":19}},"s":{"0":120,"1":120,"2":120,"3":120,"4":0,"5":0,"6":6},"f":{"0":120,"1":0,"2":10,"3":0},"b":{"0":[0],"1":[120,74],"2":[120,46],"3":[120,46]},"_coverageSchema":"1a1c01bbd47fc00a2c39e90264f33305004495a9","hash":"eaed785fac287d76ba8d4f199543ae80057400db"}
,"/Users/seanxx/score-boost-mini/cloudfunctions/questionGenerator/workflow/TaskContext.js": {"path":"/Users/seanxx/score-boost-mini/cloudfunctions/questionGenerator/workflow/TaskContext.js","statementMap":{"0":{"start":{"line":11,"column":29},"end":{"line":11,"column":51}},"1":{"start":{"line":20,"column":16},"end":{"line":20,"column":25}},"2":{"start":{"line":22,"column":2},"end":{"line":46,"column":4}},"3":{"start":{"line":38,"column":6},"end":{"line":43,"column":7}},"4":{"start":{"line":39,"column":8},"end":{"line":42,"column":10}},"5":{"start":{"line":44,"column":6},"end":{"line":44,"column":28}},"6":{"start":{"line":49,"column":0},"end":{"line":52,"column":2}}},"fnMap":{"0":{"name":"createContext","decl":{"start":{"line":19,"column":9},"end":{"line":19,"column":22}},"loc":{"start":{"line":19,"column":33},"end":{"line":47,"column":1}},"line":19},"1":{"name":"(anonymous_1)","decl":{"start":{"line":37,"column":4},"end":{"line":37,"column":5}},"loc":{"start":{"line":37,"column":21},"end":{"line":45,"column":5}},"line":37}},"branchMap":{"0":{"loc":{"start":{"line":38,"column":6},"end":{"line":43,"column":7}},"type":"if","locations":[{"start":{"line":38,"column":6},"end":{"line":43,"column":7}},{"start":{},"end":{}}],"line":38}},"s":{"0":7,"1":30,"2":30,"3":28,"4":0,"5":28,"6":7},"f":{"0":30,"1":28},"b":{"0":[0,28]},"_coverageSchema":"1a1c01bbd47fc00a2c39e90264f33305004495a9","hash":"e67a74cd13b1a0403d26ad1bfd9e698665793f60"}
,"/Users/seanxx/score-boost-mini/cloudfunctions/questionGenerator/workflow/TaskWorkflow.js": {"path":"/Users/seanxx/score-boost-mini/cloudfunctions/questionGenerator/workflow/TaskWorkflow.js","statementMap":{"0":{"start":{"line":11,"column":26},"end":{"line":11,"column":50}},"1":{"start":{"line":12,"column":29},"end":{"line":12,"column":51}},"2":{"start":{"line":22,"column":4},"end":{"line":22,"column":23}},"3":{"start":{"line":32,"column":16},"end":{"line":32,"column":39}},"4":{"start":{"line":33,"column":27},"end":{"line":33,"column":29}},"5":{"start":{"line":35,"column":4},"end":{"line":94,"column":5}},"6":{"start":{"line":36,"column":6},"end":{"line":87,"column":7}},"7":{"start":{"line":36,"column":19},"end":{"line":36,"column":20}},"8":{"start":{"line":37,"column":21},"end":{"line":37,"column":34}},"9":{"start":{"line":38,"column":8},"end":{"line":38,"column":37}},"10":{"start":{"line":41,"column":8},"end":{"line":41,"column":45}},"11":{"start":{"line":44,"column":8},"end":{"line":53,"column":9}},"12":{"start":{"line":45,"column":28},"end":{"line":45,"column":71}},"13":{"start":{"line":46,"column":10},"end":{"line":52,"column":11}},"14":{"start":{"line":47,"column":12},"end":{"line":51,"column":14}},"15":{"start":{"line":55,"column":23},"end":{"line":55,"column":46}},"16":{"start":{"line":57,"column":8},"end":{"line":73,"column":9}},"17":{"start":{"line":59,"column":10},"end":{"line":65,"column":11}},"18":{"start":{"line":60,"column":12},"end":{"line":64,"column":14}},"19":{"start":{"line":68,"column":10},"end":{"line":71,"column":11}},"20":{"start":{"line":69,"column":12},"end":{"line":69,"column":53}},"21":{"start":{"line":72,"column":10},"end":{"line":72,"column":71}},"22":{"start":{"line":79,"column":8},"end":{"line":83,"column":9}},"23":{"start":{"line":80,"column":10},"end":{"line":82,"column":11}},"24":{"start":{"line":81,"column":12},"end":{"line":81,"column":38}},"25":{"start":{"line":85,"column":8},"end":{"line":85,"column":49}},"26":{"start":{"line":86,"column":8},"end":{"line":86,"column":34}},"27":{"start":{"line":89,"column":6},"end":{"line":89,"column":48}},"28":{"start":{"line":92,"column":6},"end":{"line":92,"column":47}},"29":{"start":{"line":93,"column":6},"end":{"line":93,"column":39}},"30":{"start":{"line":104,"column":4},"end":{"line":106,"column":5}},"31":{"start":{"line":105,"column":6},"end":{"line":105,"column":13}},"32":{"start":{"line":108,"column":4},"end":{"line":123,"column":5}},"33":{"start":{"line":109,"column":6},"end":{"line":114,"column":7}},"34":{"start":{"line":110,"column":8},"end":{"line":113,"column":10}},"35":{"start":{"line":116,"column":22},"end":{"line":116,"column":53}},"36":{"start":{"line":117,"column":6},"end":{"line":122,"column":7}},"37":{"start":{"line":118,"column":8},"end":{"line":121,"column":10}},"38":{"start":{"line":133,"column":17},"end":{"line":133,"column":58}},"39":{"start":{"line":133,"column":38},"end":{"line":133,"column":57}},"40":{"start":{"line":134,"column":4},"end":{"line":136,"column":5}},"41":{"start":{"line":135,"column":6},"end":{"line":135,"column":28}},"42":{"start":{"line":139,"column":20},"end":{"line":146,"column":5}},"43":{"start":{"line":147,"column":4},"end":{"line":147,"column":41}},"44":{"start":{"line":157,"column":4},"end":{"line":167,"column":5}},"45":{"start":{"line":157,"column":17},"end":{"line":157,"column":42}},"46":{"start":{"line":158,"column":19},"end":{"line":158,"column":36}},"47":{"start":{"line":159,"column":6},"end":{"line":166,"column":7}},"48":{"start":{"line":160,"column":8},"end":{"line":165,"column":9}},"49":{"start":{"line":161,"column":10},"end":{"line":161,"column":35}},"50":{"start":{"line":163,"column":10},"end":{"line":163,"column":66}},"51":{"start":{"line":177,"column":4},"end":{"line":183,"column":5}},"52":{"start":{"line":178,"column":21},"end":{"line":178,"column":76}},"53":{"start":{"line":179,"column":19},"end":{"line":179,"column":30}},"54":{"start":{"line":180,"column":6},"end":{"line":180,"column":53}},"55":{"start":{"line":182,"column":6},"end":{"line":182,"column":19}},"56":{"start":{"line":187,"column":0},"end":{"line":187,"column":34}}},"fnMap":{"0":{"name":"(anonymous_0)","decl":{"start":{"line":21,"column":2},"end":{"line":21,"column":3}},"loc":{"start":{"line":21,"column":21},"end":{"line":23,"column":3}},"line":21},"1":{"name":"(anonymous_1)","decl":{"start":{"line":31,"column":2},"end":{"line":31,"column":3}},"loc":{"start":{"line":31,"column":26},"end":{"line":95,"column":3}},"line":31},"2":{"name":"(anonymous_2)","decl":{"start":{"line":103,"column":2},"end":{"line":103,"column":3}},"loc":{"start":{"line":103,"column":34},"end":{"line":124,"column":3}},"line":103},"3":{"name":"(anonymous_3)","decl":{"start":{"line":131,"column":2},"end":{"line":131,"column":3}},"loc":{"start":{"line":131,"column":30},"end":{"line":148,"column":3}},"line":131},"4":{"name":"(anonymous_4)","decl":{"start":{"line":133,"column":33},"end":{"line":133,"column":34}},"loc":{"start":{"line":133,"column":38},"end":{"line":133,"column":57}},"line":133},"5":{"name":"(anonymous_5)","decl":{"start":{"line":155,"column":2},"end":{"line":155,"column":3}},"loc":{"start":{"line":155,"column":38},"end":{"line":168,"column":3}},"line":155},"6":{"name":"(anonymous_6)","decl":{"start":{"line":176,"column":2},"end":{"line":176,"column":3}},"loc":{"start":{"line":176,"column":39},"end":{"line":184,"column":3}},"line":176}},"branchMap":{"0":{"loc":{"start":{"line":44,"column":8},"end":{"line":53,"column":9}},"type":"if","locations":[{"start":{"line":44,"column":8},"end":{"line":53,"column":9}},{"start":{},"end":{}}],"line":44},"1":{"loc":{"start":{"line":46,"column":10},"end":{"line":52,"column":11}},"type":"if","locations":[{"start":{"line":46,"column":10},"end":{"line":52,"column":11}},{"start":{},"end":{}}],"line":46},"2":{"loc":{"start":{"line":57,"column":8},"end":{"line":73,"column":9}},"type":"if","locations":[{"start":{"line":57,"column":8},"end":{"line":73,"column":9}},{"start":{},"end":{}}],"line":57},"3":{"loc":{"start":{"line":59,"column":10},"end":{"line":65,"column":11}},"type":"if","locations":[{"start":{"line":59,"column":10},"end":{"line":65,"column":11}},{"start":{},"end":{}}],"line":59},"4":{"loc":{"start":{"line":59,"column":14},"end":{"line":59,"column":71}},"type":"binary-expr","locations":[{"start":{"line":59,"column":14},"end":{"line":59,"column":26}},{"start":{"line":59,"column":30},"end":{"line":59,"column":71}}],"line":59},"5":{"loc":{"start":{"line":68,"column":10},"end":{"line":71,"column":11}},"type":"if","locations":[{"start":{"line":68,"column":10},"end":{"line":71,"column":11}},{"start":{},"end":{}}],"line":68},"6":{"loc":{"start":{"line":79,"column":8},"end":{"line":83,"column":9}},"type":"if","locations":[{"start":{"line":79,"column":8},"end":{"line":83,"column":9}},{"start":{},"end":{}}],"line":79},"7":{"loc":{"start":{"line":104,"column":4},"end":{"line":106,"column":5}},"type":"if","locations":[{"start":{"line":104,"column":4},"end":{"line":106,"column":5}},{"start":{},"end":{}}],"line":104},"8":{"loc":{"start":{"line":104,"column":8},"end":{"line":104,"column":60}},"type":"binary-expr","locations":[{"start":{"line":104,"column":8},"end":{"line":104,"column":26}},{"start":{"line":104,"column":30},"end":{"line":104,"column":60}}],"line":104},"9":{"loc":{"start":{"line":109,"column":6},"end":{"line":114,"column":7}},"type":"if","locations":[{"start":{"line":109,"column":6},"end":{"line":114,"column":7}},{"start":{},"end":{}}],"line":109},"10":{"loc":{"start":{"line":117,"column":6},"end":{"line":122,"column":7}},"type":"if","locations":[{"start":{"line":117,"column":6},"end":{"line":122,"column":7}},{"start":{},"end":{}}],"line":117},"11":{"loc":{"start":{"line":134,"column":4},"end":{"line":136,"column":5}},"type":"if","locations":[{"start":{"line":134,"column":4},"end":{"line":136,"column":5}},{"start":{},"end":{}}],"line":134},"12":{"loc":{"start":{"line":134,"column":8},"end":{"line":134,"column":30}},"type":"binary-expr","locations":[{"start":{"line":134,"column":8},"end":{"line":134,"column":12}},{"start":{"line":134,"column":16},"end":{"line":134,"column":30}}],"line":134},"13":{"loc":{"start":{"line":147,"column":11},"end":{"line":147,"column":40}},"type":"binary-expr","locations":[{"start":{"line":147,"column":11},"end":{"line":147,"column":28}},{"start":{"line":147,"column":32},"end":{"line":147,"column":40}}],"line":147},"14":{"loc":{"start":{"line":159,"column":6},"end":{"line":166,"column":7}},"type":"if","locations":[{"start":{"line":159,"column":6},"end":{"line":166,"column":7}},{"start":{},"end":{}}],"line":159},"15":{"loc":{"start":{"line":180,"column":16},"end":{"line":180,"column":51}},"type":"binary-expr","locations":[{"start":{"line":180,"column":16},"end":{"line":180,"column":20}},{"start":{"line":180,"column":24},"end":{"line":180,"column":51}}],"line":180}},"s":{"0":7,"1":7,"2":29,"3":29,"4":29,"5":29,"6":29,"7":29,"8":95,"9":95,"10":95,"11":92,"12":40,"13":40,"14":4,"15":88,"16":88,"17":8,"18":1,"19":7,"20":7,"21":7,"22":80,"23":45,"24":45,"25":80,"26":80,"27":14,"28":3,"29":3,"30":95,"31":52,"32":43,"33":43,"34":0,"35":43,"36":43,"37":3,"38":43,"39":120,"40":43,"41":40,"42":3,"43":3,"44":10,"45":10,"46":14,"47":14,"48":14,"49":14,"50":1,"51":40,"52":40,"53":38,"54":38,"55":2,"56":7},"f":{"0":29,"1":29,"2":95,"3":43,"4":120,"5":10,"6":40},"b":{"0":[40,52],"1":[4,36],"2":[8,80],"3":[1,7],"4":[8,8],"5":[7,0],"6":[45,35],"7":[52,43],"8":[95,92],"9":[0,43],"10":[3,40],"11":[40,3],"12":[43,43],"13":[3,3],"14":[14,0],"15":[38,38]},"_coverageSchema":"1a1c01bbd47fc00a2c39e90264f33305004495a9","hash":"45b741804f3784279b6e4516972bf27cdd67dd4d"}
,"/Users/seanxx/score-boost-mini/cloudfunctions/questionGenerator/workflow/constants.js": {"path":"/Users/seanxx/score-boost-mini/cloudfunctions/questionGenerator/workflow/constants.js","statementMap":{"0":{"start":{"line":6,"column":25},"end":{"line":13,"column":1}},"1":{"start":{"line":15,"column":0},"end":{"line":17,"column":2}}},"fnMap":{},"branchMap":{},"s":{"0":8,"1":8},"f":{},"b":{},"_coverageSchema":"1a1c01bbd47fc00a2c39e90264f33305004495a9","hash":"5875ef15f87a5f7b82bb3616628709f40227741f"}
,"/Users/seanxx/score-boost-mini/cloudfunctions/questionGenerator/workflow/steps/CompleteStep.js": {"path":"/Users/seanxx/score-boost-mini/cloudfunctions/questionGenerator/workflow/steps/CompleteStep.js","statementMap":{"0":{"start":{"line":7,"column":21},"end":{"line":7,"column":43}},"1":{"start":{"line":14,"column":4},"end":{"line":17,"column":7}},"2":{"start":{"line":26,"column":32},"end":{"line":26,"column":35}},"3":{"start":{"line":28,"column":4},"end":{"line":54,"column":5}},"4":{"start":{"line":30,"column":35},"end":{"line":30,"column":58}},"5":{"start":{"line":31,"column":27},"end":{"line":31,"column":68}},"6":{"start":{"line":34,"column":36},"end":{"line":34,"column":73}},"7":{"start":{"line":35,"column":21},"end":{"line":37,"column":8}},"8":{"start":{"line":39,"column":6},"end":{"line":45,"column":7}},"9":{"start":{"line":40,"column":8},"end":{"line":44,"column":10}},"10":{"start":{"line":47,"column":6},"end":{"line":47,"column":31}},"11":{"start":{"line":49,"column":6},"end":{"line":53,"column":8}},"12":{"start":{"line":58,"column":0},"end":{"line":58,"column":34}}},"fnMap":{"0":{"name":"(anonymous_0)","decl":{"start":{"line":13,"column":2},"end":{"line":13,"column":3}},"loc":{"start":{"line":13,"column":16},"end":{"line":18,"column":3}},"line":13},"1":{"name":"(anonymous_1)","decl":{"start":{"line":25,"column":2},"end":{"line":25,"column":3}},"loc":{"start":{"line":25,"column":21},"end":{"line":55,"column":3}},"line":25}},"branchMap":{"0":{"loc":{"start":{"line":39,"column":6},"end":{"line":45,"column":7}},"type":"if","locations":[{"start":{"line":39,"column":6},"end":{"line":45,"column":7}},{"start":{},"end":{}}],"line":39},"1":{"loc":{"start":{"line":42,"column":27},"end":{"line":42,"column":68}},"type":"binary-expr","locations":[{"start":{"line":42,"column":27},"end":{"line":42,"column":39}},{"start":{"line":42,"column":43},"end":{"line":42,"column":68}}],"line":42}},"s":{"0":5,"1":23,"2":12,"3":12,"4":12,"5":12,"6":12,"7":12,"8":12,"9":0,"10":12,"11":0,"12":5},"f":{"0":23,"1":12},"b":{"0":[0,12],"1":[0,0]},"_coverageSchema":"1a1c01bbd47fc00a2c39e90264f33305004495a9","hash":"1ca5ebd057b52aa2effe8938196d748404245679"}
,"/Users/seanxx/score-boost-mini/cloudfunctions/questionGenerator/workflow/steps/CreateAssessmentStep.js": {"path":"/Users/seanxx/score-boost-mini/cloudfunctions/questionGenerator/workflow/steps/CreateAssessmentStep.js","statementMap":{"0":{"start":{"line":7,"column":21},"end":{"line":7,"column":43}},"1":{"start":{"line":8,"column":29},"end":{"line":8,"column":52}},"2":{"start":{"line":15,"column":4},"end":{"line":19,"column":7}},"3":{"start":{"line":28,"column":25},"end":{"line":28,"column":28}},"4":{"start":{"line":30,"column":24},"end":{"line":30,"column":70}},"5":{"start":{"line":32,"column":4},"end":{"line":38,"column":5}},"6":{"start":{"line":33,"column":6},"end":{"line":37,"column":8}},"7":{"start":{"line":40,"column":4},"end":{"line":66,"column":5}},"8":{"start":{"line":41,"column":21},"end":{"line":52,"column":8}},"9":{"start":{"line":54,"column":6},"end":{"line":59,"column":8}},"10":{"start":{"line":61,"column":6},"end":{"line":65,"column":8}},"11":{"start":{"line":74,"column":32},"end":{"line":74,"column":35}},"12":{"start":{"line":75,"column":24},"end":{"line":75,"column":64}},"13":{"start":{"line":78,"column":4},"end":{"line":84,"column":16}},"14":{"start":{"line":88,"column":0},"end":{"line":88,"column":42}}},"fnMap":{"0":{"name":"(anonymous_0)","decl":{"start":{"line":14,"column":2},"end":{"line":14,"column":3}},"loc":{"start":{"line":14,"column":16},"end":{"line":20,"column":3}},"line":14},"1":{"name":"(anonymous_1)","decl":{"start":{"line":27,"column":2},"end":{"line":27,"column":3}},"loc":{"start":{"line":27,"column":21},"end":{"line":67,"column":3}},"line":27},"2":{"name":"(anonymous_2)","decl":{"start":{"line":73,"column":2},"end":{"line":73,"column":3}},"loc":{"start":{"line":73,"column":22},"end":{"line":85,"column":3}},"line":73}},"branchMap":{"0":{"loc":{"start":{"line":32,"column":4},"end":{"line":38,"column":5}},"type":"if","locations":[{"start":{"line":32,"column":4},"end":{"line":38,"column":5}},{"start":{},"end":{}}],"line":32},"1":{"loc":{"start":{"line":32,"column":8},"end":{"line":32,"column":63}},"type":"binary-expr","locations":[{"start":{"line":32,"column":8},"end":{"line":32,"column":35}},{"start":{"line":32,"column":39},"end":{"line":32,"column":63}}],"line":32},"2":{"loc":{"start":{"line":82,"column":36},"end":{"line":82,"column":53}},"type":"binary-expr","locations":[{"start":{"line":82,"column":36},"end":{"line":82,"column":47}},{"start":{"line":82,"column":51},"end":{"line":82,"column":53}}],"line":82}},"s":{"0":6,"1":6,"2":28,"3":16,"4":16,"5":16,"6":1,"7":15,"8":15,"9":13,"10":2,"11":2,"12":2,"13":2,"14":6},"f":{"0":28,"1":16,"2":2},"b":{"0":[1,15],"1":[16,16],"2":[2,0]},"_coverageSchema":"1a1c01bbd47fc00a2c39e90264f33305004495a9","hash":"6c204620fc51792463f6af1ec31ebe0d09ceff59"}
,"/Users/seanxx/score-boost-mini/cloudfunctions/questionGenerator/workflow/steps/GenerateStep.js": {"path":"/Users/seanxx/score-boost-mini/cloudfunctions/questionGenerator/workflow/steps/GenerateStep.js","statementMap":{"0":{"start":{"line":7,"column":21},"end":{"line":7,"column":43}},"1":{"start":{"line":8,"column":29},"end":{"line":8,"column":52}},"2":{"start":{"line":18,"column":4},"end":{"line":21,"column":7}},"3":{"start":{"line":22,"column":4},"end":{"line":22,"column":33}},"4":{"start":{"line":31,"column":21},"end":{"line":31,"column":24}},"5":{"start":{"line":33,"column":4},"end":{"line":65,"column":5}},"6":{"start":{"line":35,"column":43},"end":{"line":35,"column":80}},"7":{"start":{"line":36,"column":24},"end":{"line":36,"column":85}},"8":{"start":{"line":38,"column":6},"end":{"line":44,"column":7}},"9":{"start":{"line":39,"column":8},"end":{"line":43,"column":10}},"10":{"start":{"line":46,"column":6},"end":{"line":51,"column":8}},"11":{"start":{"line":53,"column":6},"end":{"line":59,"column":7}},"12":{"start":{"line":54,"column":8},"end":{"line":58,"column":10}},"13":{"start":{"line":60,"column":6},"end":{"line":64,"column":8}},"14":{"start":{"line":69,"column":0},"end":{"line":69,"column":34}}},"fnMap":{"0":{"name":"(anonymous_0)","decl":{"start":{"line":17,"column":2},"end":{"line":17,"column":3}},"loc":{"start":{"line":17,"column":26},"end":{"line":23,"column":3}},"line":17},"1":{"name":"(anonymous_1)","decl":{"start":{"line":30,"column":2},"end":{"line":30,"column":3}},"loc":{"start":{"line":30,"column":21},"end":{"line":66,"column":3}},"line":30}},"branchMap":{"0":{"loc":{"start":{"line":38,"column":6},"end":{"line":44,"column":7}},"type":"if","locations":[{"start":{"line":38,"column":6},"end":{"line":44,"column":7}},{"start":{},"end":{}}],"line":38},"1":{"loc":{"start":{"line":38,"column":10},"end":{"line":38,"column":61}},"type":"binary-expr","locations":[{"start":{"line":38,"column":10},"end":{"line":38,"column":35}},{"start":{"line":38,"column":39},"end":{"line":38,"column":61}}],"line":38},"2":{"loc":{"start":{"line":53,"column":6},"end":{"line":59,"column":7}},"type":"if","locations":[{"start":{"line":53,"column":6},"end":{"line":59,"column":7}},{"start":{},"end":{}}],"line":53}},"s":{"0":5,"1":5,"2":23,"3":23,"4":20,"5":20,"6":20,"7":20,"8":15,"9":0,"10":15,"11":5,"12":1,"13":4,"14":5},"f":{"0":23,"1":20},"b":{"0":[0,15],"1":[15,15],"2":[1,4]},"_coverageSchema":"1a1c01bbd47fc00a2c39e90264f33305004495a9","hash":"7a765f0d27a73559c553ed26782e60563eff8f16"}
,"/Users/seanxx/score-boost-mini/cloudfunctions/questionGenerator/workflow/steps/InitStateStep.js": {"path":"/Users/seanxx/score-boost-mini/cloudfunctions/questionGenerator/workflow/steps/InitStateStep.js","statementMap":{"0":{"start":{"line":7,"column":21},"end":{"line":7,"column":43}},"1":{"start":{"line":14,"column":4},"end":{"line":16,"column":7}},"2":{"start":{"line":25,"column":25},"end":{"line":25,"column":28}},"3":{"start":{"line":27,"column":4},"end":{"line":47,"column":5}},"4":{"start":{"line":29,"column":36},"end":{"line":29,"column":73}},"5":{"start":{"line":30,"column":21},"end":{"line":30,"column":72}},"6":{"start":{"line":32,"column":6},"end":{"line":38,"column":7}},"7":{"start":{"line":33,"column":8},"end":{"line":37,"column":10}},"8":{"start":{"line":40,"column":6},"end":{"line":40,"column":31}},"9":{"start":{"line":42,"column":6},"end":{"line":46,"column":8}},"10":{"start":{"line":51,"column":0},"end":{"line":51,"column":35}}},"fnMap":{"0":{"name":"(anonymous_0)","decl":{"start":{"line":13,"column":2},"end":{"line":13,"column":3}},"loc":{"start":{"line":13,"column":16},"end":{"line":17,"column":3}},"line":13},"1":{"name":"(anonymous_1)","decl":{"start":{"line":24,"column":2},"end":{"line":24,"column":3}},"loc":{"start":{"line":24,"column":21},"end":{"line":48,"column":3}},"line":24}},"branchMap":{"0":{"loc":{"start":{"line":32,"column":6},"end":{"line":38,"column":7}},"type":"if","locations":[{"start":{"line":32,"column":6},"end":{"line":38,"column":7}},{"start":{},"end":{}}],"line":32},"1":{"loc":{"start":{"line":35,"column":27},"end":{"line":35,"column":68}},"type":"binary-expr","locations":[{"start":{"line":35,"column":27},"end":{"line":35,"column":39}},{"start":{"line":35,"column":43},"end":{"line":35,"column":68}}],"line":35}},"s":{"0":5,"1":23,"2":23,"3":23,"4":23,"5":23,"6":23,"7":0,"8":23,"9":0,"10":5},"f":{"0":23,"1":23},"b":{"0":[0,23],"1":[0,0]},"_coverageSchema":"1a1c01bbd47fc00a2c39e90264f33305004495a9","hash":"2a6becbdea3b27039be034d70789e59ca81d42fc"}
,"/Users/seanxx/score-boost-mini/cloudfunctions/questionGenerator/workflow/steps/SaveQuestionsStep.js": {"path":"/Users/seanxx/score-boost-mini/cloudfunctions/questionGenerator/workflow/steps/SaveQuestionsStep.js","statementMap":{"0":{"start":{"line":7,"column":21},"end":{"line":7,"column":43}},"1":{"start":{"line":8,"column":29},"end":{"line":8,"column":52}},"2":{"start":{"line":15,"column":4},"end":{"line":19,"column":7}},"3":{"start":{"line":28,"column":25},"end":{"line":28,"column":28}},"4":{"start":{"line":31,"column":22},"end":{"line":31,"column":65}},"5":{"start":{"line":33,"column":4},"end":{"line":39,"column":5}},"6":{"start":{"line":34,"column":6},"end":{"line":38,"column":8}},"7":{"start":{"line":41,"column":24},"end":{"line":41,"column":26}},"8":{"start":{"line":42,"column":4},"end":{"line":61,"column":5}},"9":{"start":{"line":43,"column":6},"end":{"line":53,"column":7}},"10":{"start":{"line":44,"column":23},"end":{"line":51,"column":10}},"11":{"start":{"line":52,"column":8},"end":{"line":52,"column":37}},"12":{"start":{"line":56,"column":6},"end":{"line":60,"column":8}},"13":{"start":{"line":63,"column":4},"end":{"line":68,"column":6}},"14":{"start":{"line":76,"column":25},"end":{"line":76,"column":28}},"15":{"start":{"line":77,"column":4},"end":{"line":79,"column":16}},"16":{"start":{"line":83,"column":0},"end":{"line":83,"column":39}}},"fnMap":{"0":{"name":"(anonymous_0)","decl":{"start":{"line":14,"column":2},"end":{"line":14,"column":3}},"loc":{"start":{"line":14,"column":16},"end":{"line":20,"column":3}},"line":14},"1":{"name":"(anonymous_1)","decl":{"start":{"line":27,"column":2},"end":{"line":27,"column":3}},"loc":{"start":{"line":27,"column":21},"end":{"line":69,"column":3}},"line":27},"2":{"name":"(anonymous_2)","decl":{"start":{"line":75,"column":2},"end":{"line":75,"column":3}},"loc":{"start":{"line":75,"column":22},"end":{"line":80,"column":3}},"line":75}},"branchMap":{"0":{"loc":{"start":{"line":33,"column":4},"end":{"line":39,"column":5}},"type":"if","locations":[{"start":{"line":33,"column":4},"end":{"line":39,"column":5}},{"start":{},"end":{}}],"line":33},"1":{"loc":{"start":{"line":33,"column":8},"end":{"line":33,"column":59}},"type":"binary-expr","locations":[{"start":{"line":33,"column":8},"end":{"line":33,"column":33}},{"start":{"line":33,"column":37},"end":{"line":33,"column":59}}],"line":33}},"s":{"0":5,"1":5,"2":23,"3":15,"4":15,"5":15,"6":0,"7":15,"8":15,"9":15,"10":46,"11":44,"12":2,"13":13,"14":1,"15":1,"16":5},"f":{"0":23,"1":15,"2":1},"b":{"0":[0,15],"1":[15,15]},"_coverageSchema":"1a1c01bbd47fc00a2c39e90264f33305004495a9","hash":"dae310605bcc2be7939b1384ab5c6bc7754bb09d"}
,"/Users/seanxx/score-boost-mini/cloudfunctions/questionGenerator/workflow/utils/checkTaskCancelled.js": {"path":"/Users/seanxx/score-boost-mini/cloudfunctions/questionGenerator/workflow/utils/checkTaskCancelled.js","statementMap":{"0":{"start":{"line":8,"column":2},"end":{"line":14,"column":3}},"1":{"start":{"line":9,"column":19},"end":{"line":9,"column":75}},"2":{"start":{"line":10,"column":17},"end":{"line":10,"column":28}},"3":{"start":{"line":11,"column":4},"end":{"line":11,"column":51}},"4":{"start":{"line":13,"column":4},"end":{"line":13,"column":17}},"5":{"start":{"line":17,"column":0},"end":{"line":17,"column":40}}},"fnMap":{"0":{"name":"checkTaskCancelled","decl":{"start":{"line":7,"column":15},"end":{"line":7,"column":33}},"loc":{"start":{"line":7,"column":47},"end":{"line":15,"column":1}},"line":7}},"branchMap":{"0":{"loc":{"start":{"line":11,"column":14},"end":{"line":11,"column":49}},"type":"binary-expr","locations":[{"start":{"line":11,"column":14},"end":{"line":11,"column":18}},{"start":{"line":11,"column":22},"end":{"line":11,"column":49}}],"line":11}},"s":{"0":89,"1":89,"2":82,"3":82,"4":7,"5":5},"f":{"0":89},"b":{"0":[82,81]},"_coverageSchema":"1a1c01bbd47fc00a2c39e90264f33305004495a9","hash":"142527a61e55f282036c6eb65a3aca1ff842e9f9"}
,"/Users/seanxx/score-boost-mini/cloudfunctions/questionGenerator/workflow/utils/cleanupPartialQuestionsByTask.js": {"path":"/Users/seanxx/score-boost-mini/cloudfunctions/questionGenerator/workflow/utils/cleanupPartialQuestionsByTask.js","statementMap":{"0":{"start":{"line":7,"column":2},"end":{"line":16,"column":3}},"1":{"start":{"line":9,"column":4},"end":{"line":11,"column":16}},"2":{"start":{"line":13,"column":4},"end":{"line":13,"column":76}},"3":{"start":{"line":15,"column":4},"end":{"line":15,"column":47}},"4":{"start":{"line":19,"column":0},"end":{"line":19,"column":51}}},"fnMap":{"0":{"name":"cleanupPartialQuestionsByTask","decl":{"start":{"line":6,"column":15},"end":{"line":6,"column":44}},"loc":{"start":{"line":6,"column":57},"end":{"line":17,"column":1}},"line":6}},"branchMap":{},"s":{"0":2,"1":2,"2":1,"3":1,"4":5},"f":{"0":2},"b":{},"_coverageSchema":"1a1c01bbd47fc00a2c39e90264f33305004495a9","hash":"38e5d87268c5b1e3bc962c64b61f9a40b51a1f70"}
,"/Users/seanxx/score-boost-mini/cloudfunctions/questionGenerator/workflow/utils/generateQuestions.js": {"path":"/Users/seanxx/score-boost-mini/cloudfunctions/questionGenerator/workflow/utils/generateQuestions.js","statementMap":{"0":{"start":{"line":7,"column":31},"end":{"line":7,"column":62}},"1":{"start":{"line":8,"column":30},"end":{"line":8,"column":60}},"2":{"start":{"line":18,"column":84},"end":{"line":18,"column":88}},"3":{"start":{"line":19,"column":23},"end":{"line":19,"column":25}},"4":{"start":{"line":23,"column":15},"end":{"line":23,"column":79}},"5":{"start":{"line":24,"column":20},"end":{"line":24,"column":97}},"6":{"start":{"line":25,"column":22},"end":{"line":25,"column":103}},"7":{"start":{"line":26,"column":20},"end":{"line":26,"column":59}},"8":{"start":{"line":28,"column":23},"end":{"line":32,"column":3}},"9":{"start":{"line":34,"column":2},"end":{"line":74,"column":3}},"10":{"start":{"line":35,"column":4},"end":{"line":35,"column":29}},"11":{"start":{"line":35,"column":20},"end":{"line":35,"column":29}},"12":{"start":{"line":38,"column":4},"end":{"line":44,"column":5}},"13":{"start":{"line":39,"column":24},"end":{"line":39,"column":57}},"14":{"start":{"line":40,"column":6},"end":{"line":43,"column":7}},"15":{"start":{"line":41,"column":8},"end":{"line":41,"column":90}},"16":{"start":{"line":42,"column":8},"end":{"line":42,"column":42}},"17":{"start":{"line":46,"column":4},"end":{"line":73,"column":5}},"18":{"start":{"line":47,"column":24},"end":{"line":47,"column":60}},"19":{"start":{"line":48,"column":6},"end":{"line":48,"column":38}},"20":{"start":{"line":51,"column":6},"end":{"line":66,"column":7}},"21":{"start":{"line":52,"column":26},"end":{"line":52,"column":59}},"22":{"start":{"line":53,"column":8},"end":{"line":56,"column":9}},"23":{"start":{"line":54,"column":10},"end":{"line":54,"column":94}},"24":{"start":{"line":55,"column":10},"end":{"line":55,"column":44}},"25":{"start":{"line":58,"column":31},"end":{"line":58,"column":50}},"26":{"start":{"line":59,"column":8},"end":{"line":65,"column":11}},"27":{"start":{"line":68,"column":6},"end":{"line":70,"column":7}},"28":{"start":{"line":69,"column":8},"end":{"line":69,"column":16}},"29":{"start":{"line":71,"column":6},"end":{"line":71,"column":83}},"30":{"start":{"line":72,"column":6},"end":{"line":72,"column":14}},"31":{"start":{"line":76,"column":2},"end":{"line":76,"column":22}},"32":{"start":{"line":79,"column":0},"end":{"line":79,"column":46}}},"fnMap":{"0":{"name":"generateQuestionsForTask","decl":{"start":{"line":17,"column":15},"end":{"line":17,"column":39}},"loc":{"start":{"line":17,"column":69},"end":{"line":77,"column":1}},"line":17}},"branchMap":{"0":{"loc":{"start":{"line":17,"column":58},"end":{"line":17,"column":67}},"type":"default-arg","locations":[{"start":{"line":17,"column":63},"end":{"line":17,"column":67}}],"line":17},"1":{"loc":{"start":{"line":23,"column":15},"end":{"line":23,"column":79}},"type":"binary-expr","locations":[{"start":{"line":23,"column":15},"end":{"line":23,"column":38}},{"start":{"line":23,"column":42},"end":{"line":23,"column":79}}],"line":23},"2":{"loc":{"start":{"line":24,"column":48},"end":{"line":24,"column":95}},"type":"cond-expr","locations":[{"start":{"line":24,"column":80},"end":{"line":24,"column":89}},{"start":{"line":24,"column":92},"end":{"line":24,"column":95}}],"line":24},"3":{"loc":{"start":{"line":25,"column":50},"end":{"line":25,"column":101}},"type":"cond-expr","locations":[{"start":{"line":25,"column":84},"end":{"line":25,"column":95}},{"start":{"line":25,"column":98},"end":{"line":25,"column":101}}],"line":25},"4":{"loc":{"start":{"line":35,"column":4},"end":{"line":35,"column":29}},"type":"if","locations":[{"start":{"line":35,"column":4},"end":{"line":35,"column":29}},{"start":{},"end":{}}],"line":35},"5":{"loc":{"start":{"line":38,"column":4},"end":{"line":44,"column":5}},"type":"if","locations":[{"start":{"line":38,"column":4},"end":{"line":44,"column":5}},{"start":{},"end":{}}],"line":38},"6":{"loc":{"start":{"line":38,"column":8},"end":{"line":38,"column":17}},"type":"binary-expr","locations":[{"start":{"line":38,"column":8},"end":{"line":38,"column":10}},{"start":{"line":38,"column":14},"end":{"line":38,"column":17}}],"line":38},"7":{"loc":{"start":{"line":40,"column":6},"end":{"line":43,"column":7}},"type":"if","locations":[{"start":{"line":40,"column":6},"end":{"line":43,"column":7}},{"start":{},"end":{}}],"line":40},"8":{"loc":{"start":{"line":51,"column":6},"end":{"line":66,"column":7}},"type":"if","locations":[{"start":{"line":51,"column":6},"end":{"line":66,"column":7}},{"start":{},"end":{}}],"line":51},"9":{"loc":{"start":{"line":51,"column":10},"end":{"line":51,"column":19}},"type":"binary-expr","locations":[{"start":{"line":51,"column":10},"end":{"line":51,"column":12}},{"start":{"line":51,"column":16},"end":{"line":51,"column":19}}],"line":51},"10":{"loc":{"start":{"line":53,"column":8},"end":{"line":56,"column":9}},"type":"if","locations":[{"start":{"line":53,"column":8},"end":{"line":56,"column":9}},{"start":{},"end":{}}],"line":53},"11":{"loc":{"start":{"line":68,"column":6},"end":{"line":70,"column":7}},"type":"if","locations":[{"start":{"line":68,"column":6},"end":{"line":70,"column":7}},{"start":{},"end":{}}],"line":68}},"s":{"0":5,"1":5,"2":30,"3":30,"4":30,"5":30,"6":30,"7":30,"8":30,"9":30,"10":74,"11":20,"12":54,"13":45,"14":45,"15":0,"16":0,"17":54,"18":54,"19":48,"20":48,"21":41,"22":41,"23":2,"24":2,"25":39,"26":39,"27":8,"28":3,"29":5,"30":5,"31":22,"32":5},"f":{"0":30},"b":{"0":[1],"1":[30,1],"2":[30,0],"3":[30,0],"4":[20,54],"5":[45,9],"6":[54,45],"7":[0,45],"8":[41,7],"9":[48,41],"10":[2,39],"11":[3,5]},"_coverageSchema":"1a1c01bbd47fc00a2c39e90264f33305004495a9","hash":"d9dea5fb57571a06dc80ed64d099a7ca1d8f3af2"}
,"/Users/seanxx/score-boost-mini/cloudfunctions/questionGenerator/workflow/utils/updateQueueStatus.js": {"path":"/Users/seanxx/score-boost-mini/cloudfunctions/questionGenerator/workflow/utils/updateQueueStatus.js","statementMap":{"0":{"start":{"line":10,"column":2},"end":{"line":25,"column":3}},"1":{"start":{"line":11,"column":23},"end":{"line":15,"column":5}},"2":{"start":{"line":17,"column":4},"end":{"line":19,"column":7}},"3":{"start":{"line":21,"column":4},"end":{"line":21,"column":29}},"4":{"start":{"line":23,"column":4},"end":{"line":23,"column":51}},"5":{"start":{"line":24,"column":4},"end":{"line":24,"column":48}},"6":{"start":{"line":28,"column":0},"end":{"line":28,"column":39}}},"fnMap":{"0":{"name":"updateQueueStatus","decl":{"start":{"line":9,"column":15},"end":{"line":9,"column":32}},"loc":{"start":{"line":9,"column":72},"end":{"line":26,"column":1}},"line":9}},"branchMap":{"0":{"loc":{"start":{"line":9,"column":54},"end":{"line":9,"column":70}},"type":"default-arg","locations":[{"start":{"line":9,"column":68},"end":{"line":9,"column":70}}],"line":9}},"s":{"0":86,"1":86,"2":86,"3":81,"4":5,"5":5,"6":5},"f":{"0":86},"b":{"0":[24]},"_coverageSchema":"1a1c01bbd47fc00a2c39e90264f33305004495a9","hash":"b50dd2544612c63f6303f211cd2df858c7b6daf8"}
}
