TN:
SF:index.js
FN:39,fetchPendingTasks
FN:60,cleanupPartialQuestions
FN:81,getDefaultSteps
FN:100,processTask
FN:179,generateAi
FN:215,(anonymous_5)
FNF:6
FNH:3
FNDA:6,fetchPendingTasks
FNDA:0,cleanupPartialQuestions
FNDA:23,getDefaultSteps
FNDA:23,processTask
FNDA:0,generateAi
FNDA:0,(anonymous_5)
DA:9,5
DA:10,5
DA:11,5
DA:13,0
DA:17,5
DA:18,5
DA:19,5
DA:20,5
DA:21,5
DA:22,5
DA:25,5
DA:26,5
DA:27,5
DA:28,5
DA:31,5
DA:40,6
DA:41,6
DA:48,5
DA:50,1
DA:51,1
DA:61,0
DA:63,0
DA:68,0
DA:70,0
DA:72,0
DA:82,23
DA:84,23
DA:101,23
DA:102,23
DA:104,23
DA:105,23
DA:108,23
DA:109,23
DA:111,23
DA:112,12
DA:113,12
DA:114,12
DA:116,12
DA:117,12
DA:119,12
DA:126,11
DA:127,4
DA:128,4
DA:136,7
DA:137,7
DA:140,7
DA:145,7
DA:151,0
DA:152,0
DA:155,0
DA:156,0
DA:160,0
DA:165,0
DA:180,0
DA:181,0
DA:182,0
DA:185,0
DA:196,0
DA:197,0
DA:200,0
DA:201,0
DA:202,0
DA:204,0
DA:206,0
DA:207,0
DA:208,0
DA:215,5
DA:216,0
DA:218,0
DA:219,0
DA:222,0
DA:224,0
DA:225,0
DA:226,0
DA:229,0
DA:232,0
DA:233,0
DA:234,0
DA:236,0
DA:237,0
DA:243,0
DA:250,0
DA:251,0
DA:259,5
LF:84
LH:43
BRDA:39,0,0,0
BRDA:48,1,0,5
BRDA:48,1,1,0
BRDA:81,2,0,0
BRDA:100,3,0,0
BRDA:111,4,0,12
BRDA:111,4,1,11
BRDA:114,5,0,12
BRDA:114,5,1,0
BRDA:126,6,0,4
BRDA:126,6,1,7
BRDA:141,7,0,7
BRDA:141,7,1,0
BRDA:142,8,0,7
BRDA:142,8,1,7
BRDA:147,9,0,7
BRDA:147,9,1,0
BRDA:155,10,0,0
BRDA:155,10,1,0
BRDA:162,11,0,0
BRDA:162,11,1,0
BRDA:196,12,0,0
BRDA:196,12,1,0
BRDA:200,13,0,0
BRDA:200,13,1,0
BRDA:224,14,0,0
BRDA:224,14,1,0
BRDA:253,15,0,0
BRDA:253,15,1,0
BRF:29
BRH:10
end_of_record
TN:
SF:__tests__/helpers/concurrency-mock.helper.js
FN:14,createMockDb
FN:26,(anonymous_1)
FN:29,(anonymous_2)
FN:33,(anonymous_3)
FN:40,(anonymous_4)
FN:47,(anonymous_5)
FN:49,(anonymous_6)
FN:51,(anonymous_7)
FN:60,(anonymous_8)
FN:71,(anonymous_9)
FN:78,(anonymous_10)
FN:91,(anonymous_11)
FN:92,(anonymous_12)
FN:103,createMockCheckTaskCancelled
FN:104,mockCheckTaskCancelled
FN:119,createMockGenerateAi
FN:121,mockGenerateAi
FNF:17
FNH:7
FNDA:9,createMockDb
FNDA:28,(anonymous_1)
FNDA:125,(anonymous_2)
FNDA:0,(anonymous_3)
FNDA:0,(anonymous_4)
FNDA:0,(anonymous_5)
FNDA:0,(anonymous_6)
FNDA:0,(anonymous_7)
FNDA:28,(anonymous_8)
FNDA:97,(anonymous_9)
FNDA:0,(anonymous_10)
FNDA:0,(anonymous_11)
FNDA:0,(anonymous_12)
FNDA:0,createMockCheckTaskCancelled
FNDA:0,mockCheckTaskCancelled
FNDA:9,createMockGenerateAi
FNDA:22,mockGenerateAi
DA:15,9
DA:18,9
DA:25,9
DA:26,28
DA:28,9
DA:31,125
DA:34,0
DA:35,0
DA:37,0
DA:41,0
DA:43,0
DA:44,0
DA:47,0
DA:50,0
DA:51,0
DA:52,0
DA:53,0
DA:55,0
DA:61,28
DA:62,28
DA:63,28
DA:64,28
DA:71,125
DA:73,97
DA:74,97
DA:78,0
DA:84,125
DA:92,0
DA:93,0
DA:104,0
DA:106,0
DA:107,0
DA:110,0
DA:120,9
DA:121,9
DA:122,22
DA:123,0
DA:125,22
DA:126,22
DA:127,1
DA:129,21
DA:133,1
LF:42
LH:22
BRDA:14,0,0,0
BRDA:15,1,0,3
BRDA:34,2,0,0
BRDA:34,2,1,0
BRDA:35,3,0,0
BRDA:35,3,1,0
BRDA:41,4,0,0
BRDA:41,4,1,0
BRDA:43,5,0,0
BRDA:43,5,1,0
BRDA:43,6,0,0
BRDA:43,6,1,0
BRDA:50,7,0,0
BRDA:50,7,1,0
BRDA:52,8,0,0
BRDA:52,8,1,0
BRDA:55,9,0,0
BRDA:55,9,1,0
BRDA:61,10,0,28
BRDA:61,10,1,0
BRDA:73,11,0,97
BRDA:73,11,1,28
BRDA:76,12,0,2
BRDA:76,12,1,95
BRDA:78,13,0,95
BRDA:78,13,1,95
BRDA:103,14,0,0
BRDA:106,15,0,0
BRDA:106,15,1,0
BRDA:106,16,0,0
BRDA:106,16,1,0
BRDA:110,17,0,0
BRDA:110,17,1,0
BRDA:122,18,0,0
BRDA:122,18,1,22
BRDA:126,19,0,1
BRDA:126,19,1,21
BRF:37
BRH:11
end_of_record
TN:
SF:monitoring/cloud-logger.js
FN:23,(anonymous_0)
FN:40,(anonymous_1)
FN:49,(anonymous_2)
FN:58,(anonymous_3)
FN:65,(anonymous_4)
FN:95,(anonymous_5)
FN:137,(anonymous_6)
FN:144,(anonymous_7)
FN:151,(anonymous_8)
FN:161,(anonymous_9)
FN:171,(anonymous_10)
FN:181,(anonymous_11)
FN:191,(anonymous_12)
FN:203,(anonymous_13)
FN:215,(anonymous_14)
FNF:15
FNH:14
FNDA:15,(anonymous_0)
FNDA:2,(anonymous_1)
FNDA:1,(anonymous_2)
FNDA:20,(anonymous_3)
FNDA:20,(anonymous_4)
FNDA:5,(anonymous_5)
FNDA:12,(anonymous_6)
FNDA:1,(anonymous_7)
FNDA:1,(anonymous_8)
FNDA:1,(anonymous_9)
FNDA:1,(anonymous_10)
FNDA:1,(anonymous_11)
FNDA:1,(anonymous_12)
FNDA:1,(anonymous_13)
FNDA:0,(anonymous_14)
DA:7,1
DA:12,1
DA:24,15
DA:25,15
DA:26,15
DA:27,15
DA:28,15
DA:29,15
DA:30,15
DA:41,2
DA:42,2
DA:43,2
DA:50,1
DA:51,1
DA:52,1
DA:59,20
DA:67,20
DA:68,1
DA:72,19
DA:75,19
DA:76,1
DA:77,1
DA:78,1
DA:80,1
DA:83,19
DA:84,19
DA:87,19
DA:88,3
DA:96,5
DA:97,0
DA:100,5
DA:101,5
DA:103,5
DA:106,5
DA:109,5
DA:110,9
DA:112,9
DA:113,9
DA:114,9
DA:115,2
DA:121,0
DA:122,0
DA:126,3
DA:129,2
DA:138,12
DA:145,1
DA:152,1
DA:162,1
DA:172,1
DA:182,1
DA:192,1
DA:204,1
DA:216,0
DA:220,1
LF:54
LH:50
BRDA:23,0,0,0
BRDA:25,1,0,15
BRDA:25,1,1,12
BRDA:26,2,0,15
BRDA:26,2,1,14
BRDA:40,3,0,0
BRDA:67,4,0,1
BRDA:67,4,1,19
BRDA:75,5,0,1
BRDA:75,5,1,18
BRDA:77,6,0,1
BRDA:77,6,1,0
BRDA:87,7,0,3
BRDA:87,7,1,16
BRDA:96,8,0,0
BRDA:96,8,1,5
BRDA:106,9,0,5
BRDA:106,9,1,0
BRDA:112,10,0,9
BRDA:112,10,1,0
BRDA:114,11,0,2
BRDA:114,11,1,7
BRDA:114,12,0,9
BRDA:114,12,1,2
BRF:24
BRH:18
end_of_record
TN:
SF:monitoring/logger.js
FN:20,getTimestamp
FN:38,formatLog
FN:70,(anonymous_2)
FN:87,(anonymous_3)
FN:101,(anonymous_4)
FN:119,(anonymous_5)
FN:129,(anonymous_6)
FN:141,(anonymous_7)
FN:156,(anonymous_8)
FNF:9
FNH:8
FNDA:33,getTimestamp
FNDA:33,formatLog
FNDA:2,(anonymous_2)
FNDA:2,(anonymous_3)
FNDA:2,(anonymous_4)
FNDA:2,(anonymous_5)
FNDA:2,(anonymous_6)
FNDA:1,(anonymous_7)
FNDA:0,(anonymous_8)
DA:10,2
DA:21,33
DA:49,33
DA:51,33
DA:58,33
DA:59,33
DA:60,33
DA:61,33
DA:62,33
DA:63,33
DA:64,33
DA:66,33
DA:70,2
DA:71,2
DA:87,2
DA:88,2
DA:101,2
DA:102,2
DA:119,2
DA:120,2
DA:129,2
DA:130,2
DA:141,2
DA:142,1
DA:156,2
DA:157,0
DA:169,2
LF:27
LH:26
BRDA:58,0,0,31
BRDA:58,0,1,2
BRDA:59,1,0,6
BRDA:59,1,1,27
BRDA:60,2,0,13
BRDA:60,2,1,20
BRDA:61,3,0,10
BRDA:61,3,1,23
BRDA:62,4,0,5
BRDA:62,4,1,28
BRDA:63,5,0,5
BRDA:63,5,1,28
BRDA:64,6,0,3
BRDA:64,6,1,30
BRDA:104,7,0,0
BRDA:104,7,1,2
BRDA:106,8,0,0
BRDA:106,8,1,2
BRDA:108,9,0,2
BRDA:108,9,1,0
BRDA:149,10,0,1
BRDA:149,10,1,0
BRF:22
BRH:18
end_of_record
TN:
SF:monitoring/metrics.js
FN:20,(anonymous_0)
FN:35,(anonymous_1)
FN:40,(anonymous_2)
FN:45,(anonymous_3)
FN:50,(anonymous_4)
FN:58,(anonymous_5)
FN:69,(anonymous_6)
FN:78,(anonymous_7)
FN:89,(anonymous_8)
FN:98,(anonymous_9)
FN:125,(anonymous_10)
FN:136,(anonymous_11)
FN:145,(anonymous_12)
FN:156,(anonymous_13)
FN:167,(anonymous_14)
FN:176,(anonymous_15)
FN:185,(anonymous_16)
FN:202,(anonymous_17)
FN:203,(anonymous_18)
FN:208,(anonymous_19)
FN:222,(anonymous_20)
FN:238,(anonymous_21)
FN:248,(anonymous_22)
FN:260,(anonymous_23)
FN:291,(anonymous_24)
FN:303,(anonymous_25)
FN:309,(anonymous_26)
FNF:27
FNH:26
FNDA:6,(anonymous_0)
FNDA:4,(anonymous_1)
FNDA:2,(anonymous_2)
FNDA:2,(anonymous_3)
FNDA:3,(anonymous_4)
FNDA:2,(anonymous_5)
FNDA:4,(anonymous_6)
FNDA:1,(anonymous_7)
FNDA:1,(anonymous_8)
FNDA:6,(anonymous_9)
FNDA:17,(anonymous_10)
FNDA:11,(anonymous_11)
FNDA:6,(anonymous_12)
FNDA:17,(anonymous_13)
FNDA:3,(anonymous_14)
FNDA:6,(anonymous_15)
FNDA:9,(anonymous_16)
FNDA:17,(anonymous_17)
FNDA:17,(anonymous_18)
FNDA:12,(anonymous_19)
FNDA:18,(anonymous_20)
FNDA:1,(anonymous_21)
FNDA:1,(anonymous_22)
FNDA:2,(anonymous_23)
FNDA:1,(anonymous_24)
FNDA:0,(anonymous_25)
FNDA:1,(anonymous_26)
DA:10,1
DA:21,6
DA:22,6
DA:23,6
DA:24,6
DA:25,6
DA:26,6
DA:27,6
DA:28,6
DA:29,6
DA:30,6
DA:31,6
DA:32,6
DA:36,4
DA:37,4
DA:41,2
DA:42,2
DA:46,2
DA:47,2
DA:51,3
DA:55,3
DA:59,2
DA:60,2
DA:64,2
DA:66,2
DA:70,4
DA:71,2
DA:73,4
DA:74,4
DA:75,4
DA:79,1
DA:80,1
DA:82,1
DA:83,1
DA:84,1
DA:85,1
DA:86,1
DA:90,1
DA:91,1
DA:93,1
DA:94,1
DA:95,1
DA:100,6
DA:104,6
DA:126,17
DA:127,17
DA:128,17
DA:129,17
DA:130,17
DA:137,11
DA:138,11
DA:139,11
DA:146,6
DA:149,6
DA:150,6
DA:157,17
DA:158,6
DA:160,17
DA:161,17
DA:168,3
DA:169,3
DA:170,3
DA:177,6
DA:178,6
DA:179,6
DA:186,9
DA:189,9
DA:190,5
DA:194,9
DA:195,4
DA:199,9
DA:200,6
DA:201,6
DA:202,17
DA:203,17
DA:204,6
DA:205,6
DA:208,12
DA:209,6
DA:210,6
DA:211,6
DA:215,9
DA:223,18
DA:224,18
DA:225,18
DA:226,18
DA:228,18
DA:229,0
DA:232,18
DA:239,1
DA:249,1
DA:250,1
DA:251,1
DA:252,1
DA:253,1
DA:254,1
DA:261,2
DA:262,2
DA:263,2
DA:265,2
DA:266,2
DA:267,2
DA:268,2
DA:269,2
DA:270,2
DA:271,2
DA:274,2
DA:275,1
DA:278,2
DA:292,1
DA:293,1
DA:294,1
DA:295,1
DA:296,1
DA:303,1
DA:310,1
DA:311,1
DA:312,2
DA:314,1
DA:318,1
LF:120
LH:119
BRDA:59,0,0,2
BRDA:59,0,1,0
BRDA:59,1,0,2
BRDA:59,1,1,2
BRDA:70,2,0,2
BRDA:70,2,1,2
BRDA:74,3,0,4
BRDA:74,3,1,3
BRDA:79,4,0,1
BRDA:79,4,1,0
BRDA:83,5,0,1
BRDA:83,5,1,0
BRDA:90,6,0,1
BRDA:90,6,1,0
BRDA:100,7,0,4
BRDA:100,7,1,2
BRDA:100,8,0,6
BRDA:100,8,1,6
BRDA:136,9,0,7
BRDA:137,10,0,11
BRDA:137,10,1,9
BRDA:145,11,0,4
BRDA:146,12,0,2
BRDA:146,12,1,4
BRDA:157,13,0,6
BRDA:157,13,1,11
BRDA:168,14,0,3
BRDA:168,14,1,2
BRDA:200,15,0,6
BRDA:200,15,1,0
BRDA:228,16,0,0
BRDA:228,16,1,18
BRDA:261,17,0,2
BRDA:261,17,1,1
BRDA:262,18,0,2
BRDA:262,18,1,1
BRDA:263,19,0,2
BRDA:263,19,1,1
BRDA:269,20,0,2
BRDA:269,20,1,0
BRDA:274,21,0,1
BRDA:274,21,1,1
BRDA:282,22,0,1
BRDA:282,22,1,1
BRDA:283,23,0,1
BRDA:283,23,1,1
BRDA:295,24,0,1
BRDA:295,24,1,0
BRDA:295,25,0,1
BRDA:295,25,1,1
BRF:50
BRH:42
end_of_record
TN:
SF:workflow/BaseStep.js
FN:15,(anonymous_0)
FN:28,(anonymous_1)
FN:37,(anonymous_2)
FN:45,(anonymous_3)
FNF:4
FNH:2
FNDA:120,(anonymous_0)
FNDA:0,(anonymous_1)
FNDA:10,(anonymous_2)
FNDA:0,(anonymous_3)
DA:16,120
DA:17,120
DA:18,120
DA:19,120
DA:29,0
DA:46,0
DA:50,6
LF:7
LH:5
BRDA:15,0,0,0
BRDA:17,1,0,120
BRDA:17,1,1,74
BRDA:18,2,0,120
BRDA:18,2,1,46
BRDA:19,3,0,120
BRDA:19,3,1,46
BRF:7
BRH:6
end_of_record
TN:
SF:workflow/TaskContext.js
FN:19,createContext
FN:37,(anonymous_1)
FNF:2
FNH:2
FNDA:30,createContext
FNDA:28,(anonymous_1)
DA:11,7
DA:20,30
DA:22,30
DA:38,28
DA:39,0
DA:44,28
DA:49,7
LF:7
LH:6
BRDA:38,0,0,0
BRDA:38,0,1,28
BRF:2
BRH:1
end_of_record
TN:
SF:workflow/TaskWorkflow.js
FN:21,(anonymous_0)
FN:31,(anonymous_1)
FN:103,(anonymous_2)
FN:131,(anonymous_3)
FN:133,(anonymous_4)
FN:155,(anonymous_5)
FN:176,(anonymous_6)
FNF:7
FNH:7
FNDA:29,(anonymous_0)
FNDA:29,(anonymous_1)
FNDA:95,(anonymous_2)
FNDA:43,(anonymous_3)
FNDA:120,(anonymous_4)
FNDA:10,(anonymous_5)
FNDA:40,(anonymous_6)
DA:11,7
DA:12,7
DA:22,29
DA:32,29
DA:33,29
DA:35,29
DA:36,29
DA:37,95
DA:38,95
DA:41,95
DA:44,92
DA:45,40
DA:46,40
DA:47,4
DA:55,88
DA:57,88
DA:59,8
DA:60,1
DA:68,7
DA:69,7
DA:72,7
DA:79,80
DA:80,45
DA:81,45
DA:85,80
DA:86,80
DA:89,14
DA:92,3
DA:93,3
DA:104,95
DA:105,52
DA:108,43
DA:109,43
DA:110,0
DA:116,43
DA:117,43
DA:118,3
DA:133,120
DA:134,43
DA:135,40
DA:139,3
DA:147,3
DA:157,10
DA:158,14
DA:159,14
DA:160,14
DA:161,14
DA:163,1
DA:177,40
DA:178,40
DA:179,38
DA:180,38
DA:182,2
DA:187,7
LF:54
LH:53
BRDA:44,0,0,40
BRDA:44,0,1,52
BRDA:46,1,0,4
BRDA:46,1,1,36
BRDA:57,2,0,8
BRDA:57,2,1,80
BRDA:59,3,0,1
BRDA:59,3,1,7
BRDA:59,4,0,8
BRDA:59,4,1,8
BRDA:68,5,0,7
BRDA:68,5,1,0
BRDA:79,6,0,45
BRDA:79,6,1,35
BRDA:104,7,0,52
BRDA:104,7,1,43
BRDA:104,8,0,95
BRDA:104,8,1,92
BRDA:109,9,0,0
BRDA:109,9,1,43
BRDA:117,10,0,3
BRDA:117,10,1,40
BRDA:134,11,0,40
BRDA:134,11,1,3
BRDA:134,12,0,43
BRDA:134,12,1,43
BRDA:147,13,0,3
BRDA:147,13,1,3
BRDA:159,14,0,14
BRDA:159,14,1,0
BRDA:180,15,0,38
BRDA:180,15,1,38
BRF:32
BRH:29
end_of_record
TN:
SF:workflow/constants.js
FNF:0
FNH:0
DA:6,8
DA:15,8
LF:2
LH:2
BRF:0
BRH:0
end_of_record
TN:
SF:workflow/steps/CompleteStep.js
FN:13,(anonymous_0)
FN:25,(anonymous_1)
FNF:2
FNH:2
FNDA:23,(anonymous_0)
FNDA:12,(anonymous_1)
DA:7,5
DA:14,23
DA:26,12
DA:28,12
DA:30,12
DA:31,12
DA:34,12
DA:35,12
DA:39,12
DA:40,0
DA:47,12
DA:49,0
DA:58,5
LF:13
LH:11
BRDA:39,0,0,0
BRDA:39,0,1,12
BRDA:42,1,0,0
BRDA:42,1,1,0
BRF:4
BRH:1
end_of_record
TN:
SF:workflow/steps/CreateAssessmentStep.js
FN:14,(anonymous_0)
FN:27,(anonymous_1)
FN:73,(anonymous_2)
FNF:3
FNH:3
FNDA:28,(anonymous_0)
FNDA:16,(anonymous_1)
FNDA:2,(anonymous_2)
DA:7,6
DA:8,6
DA:15,28
DA:28,16
DA:30,16
DA:32,16
DA:33,1
DA:40,15
DA:41,15
DA:54,13
DA:61,2
DA:74,2
DA:75,2
DA:78,2
DA:88,6
LF:15
LH:15
BRDA:32,0,0,1
BRDA:32,0,1,15
BRDA:32,1,0,16
BRDA:32,1,1,16
BRDA:82,2,0,2
BRDA:82,2,1,0
BRF:6
BRH:5
end_of_record
TN:
SF:workflow/steps/GenerateStep.js
FN:17,(anonymous_0)
FN:30,(anonymous_1)
FNF:2
FNH:2
FNDA:23,(anonymous_0)
FNDA:20,(anonymous_1)
DA:7,5
DA:8,5
DA:18,23
DA:22,23
DA:31,20
DA:33,20
DA:35,20
DA:36,20
DA:38,15
DA:39,0
DA:46,15
DA:53,5
DA:54,1
DA:60,4
DA:69,5
LF:15
LH:14
BRDA:38,0,0,0
BRDA:38,0,1,15
BRDA:38,1,0,15
BRDA:38,1,1,15
BRDA:53,2,0,1
BRDA:53,2,1,4
BRF:6
BRH:5
end_of_record
TN:
SF:workflow/steps/InitStateStep.js
FN:13,(anonymous_0)
FN:24,(anonymous_1)
FNF:2
FNH:2
FNDA:23,(anonymous_0)
FNDA:23,(anonymous_1)
DA:7,5
DA:14,23
DA:25,23
DA:27,23
DA:29,23
DA:30,23
DA:32,23
DA:33,0
DA:40,23
DA:42,0
DA:51,5
LF:11
LH:9
BRDA:32,0,0,0
BRDA:32,0,1,23
BRDA:35,1,0,0
BRDA:35,1,1,0
BRF:4
BRH:1
end_of_record
TN:
SF:workflow/steps/SaveQuestionsStep.js
FN:14,(anonymous_0)
FN:27,(anonymous_1)
FN:75,(anonymous_2)
FNF:3
FNH:3
FNDA:23,(anonymous_0)
FNDA:15,(anonymous_1)
FNDA:1,(anonymous_2)
DA:7,5
DA:8,5
DA:15,23
DA:28,15
DA:31,15
DA:33,15
DA:34,0
DA:41,15
DA:42,15
DA:43,15
DA:44,46
DA:52,44
DA:56,2
DA:63,13
DA:76,1
DA:77,1
DA:83,5
LF:17
LH:16
BRDA:33,0,0,0
BRDA:33,0,1,15
BRDA:33,1,0,15
BRDA:33,1,1,15
BRF:4
BRH:3
end_of_record
TN:
SF:workflow/utils/checkTaskCancelled.js
FN:7,checkTaskCancelled
FNF:1
FNH:1
FNDA:89,checkTaskCancelled
DA:8,89
DA:9,89
DA:10,82
DA:11,82
DA:13,7
DA:17,5
LF:6
LH:6
BRDA:11,0,0,82
BRDA:11,0,1,81
BRF:2
BRH:2
end_of_record
TN:
SF:workflow/utils/cleanupPartialQuestionsByTask.js
FN:6,cleanupPartialQuestionsByTask
FNF:1
FNH:1
FNDA:2,cleanupPartialQuestionsByTask
DA:7,2
DA:9,2
DA:13,1
DA:15,1
DA:19,5
LF:5
LH:5
BRF:0
BRH:0
end_of_record
TN:
SF:workflow/utils/generateQuestions.js
FN:17,generateQuestionsForTask
FNF:1
FNH:1
FNDA:30,generateQuestionsForTask
DA:7,5
DA:8,5
DA:18,30
DA:19,30
DA:23,30
DA:24,30
DA:25,30
DA:26,30
DA:28,30
DA:34,30
DA:35,74
DA:38,54
DA:39,45
DA:40,45
DA:41,0
DA:42,0
DA:46,54
DA:47,54
DA:48,48
DA:51,48
DA:52,41
DA:53,41
DA:54,2
DA:55,2
DA:58,39
DA:59,39
DA:68,8
DA:69,3
DA:71,5
DA:72,5
DA:76,22
DA:79,5
LF:32
LH:30
BRDA:17,0,0,1
BRDA:23,1,0,30
BRDA:23,1,1,1
BRDA:24,2,0,30
BRDA:24,2,1,0
BRDA:25,3,0,30
BRDA:25,3,1,0
BRDA:35,4,0,20
BRDA:35,4,1,54
BRDA:38,5,0,45
BRDA:38,5,1,9
BRDA:38,6,0,54
BRDA:38,6,1,45
BRDA:40,7,0,0
BRDA:40,7,1,45
BRDA:51,8,0,41
BRDA:51,8,1,7
BRDA:51,9,0,48
BRDA:51,9,1,41
BRDA:53,10,0,2
BRDA:53,10,1,39
BRDA:68,11,0,3
BRDA:68,11,1,5
BRF:23
BRH:20
end_of_record
TN:
SF:workflow/utils/updateQueueStatus.js
FN:9,updateQueueStatus
FNF:1
FNH:1
FNDA:86,updateQueueStatus
DA:10,86
DA:11,86
DA:17,86
DA:21,81
DA:23,5
DA:24,5
DA:28,5
LF:7
LH:7
BRDA:9,0,0,24
BRF:1
BRH:1
end_of_record
